{"C:\\Users\\Davin\\Desktop\\Projects\\FivemTools\\packages\\luaparse\\luaparse.js":{"path":"C:\\Users\\Davin\\Desktop\\Projects\\FivemTools\\packages\\luaparse\\luaparse.js","statementMap":{"0":{"start":{"line":3,"column":0},"end":{"line":3245,"column":3}},"1":{"start":{"line":10,"column":20},"end":{"line":13,"column":3}},"2":{"start":{"line":16,"column":6},"end":{"line":16,"column":76}},"3":{"start":{"line":19,"column":6},"end":{"line":19,"column":72}},"4":{"start":{"line":23,"column":6},"end":{"line":23,"column":71}},"5":{"start":{"line":26,"column":6},"end":{"line":26,"column":69}},"6":{"start":{"line":29,"column":2},"end":{"line":37,"column":3}},"7":{"start":{"line":36,"column":4},"end":{"line":36,"column":22}},"8":{"start":{"line":42,"column":2},"end":{"line":66,"column":3}},"9":{"start":{"line":55,"column":7},"end":{"line":66,"column":3}},"10":{"start":{"line":58,"column":4},"end":{"line":60,"column":30}},"11":{"start":{"line":58,"column":23},"end":{"line":58,"column":51}},"12":{"start":{"line":65,"column":4},"end":{"line":65,"column":31}},"13":{"start":{"line":68,"column":2},"end":{"line":68,"column":28}},"14":{"start":{"line":76,"column":28},"end":{"line":86,"column":3}},"15":{"start":{"line":91,"column":26},"end":{"line":122,"column":3}},"16":{"start":{"line":125,"column":4},"end":{"line":125,"column":29}},"17":{"start":{"line":127,"column":4},"end":{"line":172,"column":5}},"18":{"start":{"line":128,"column":6},"end":{"line":128,"column":44}},"19":{"start":{"line":130,"column":11},"end":{"line":172,"column":5}},"20":{"start":{"line":131,"column":6},"end":{"line":134,"column":8}},"21":{"start":{"line":136,"column":11},"end":{"line":172,"column":5}},"22":{"start":{"line":137,"column":6},"end":{"line":141,"column":8}},"23":{"start":{"line":143,"column":11},"end":{"line":172,"column":5}},"24":{"start":{"line":144,"column":6},"end":{"line":149,"column":8}},"25":{"start":{"line":151,"column":11},"end":{"line":172,"column":5}},"26":{"start":{"line":152,"column":6},"end":{"line":158,"column":8}},"27":{"start":{"line":160,"column":65},"end":{"line":172,"column":5}},"28":{"start":{"line":161,"column":6},"end":{"line":168,"column":8}},"29":{"start":{"line":171,"column":6},"end":{"line":171,"column":43}},"30":{"start":{"line":176,"column":17},"end":{"line":176,"column":33}},"31":{"start":{"line":177,"column":4},"end":{"line":177,"column":57}},"32":{"start":{"line":177,"column":35},"end":{"line":177,"column":57}},"33":{"start":{"line":178,"column":4},"end":{"line":178,"column":18}},"34":{"start":{"line":182,"column":4},"end":{"line":190,"column":6}},"35":{"start":{"line":183,"column":16},"end":{"line":183,"column":26}},"36":{"start":{"line":184,"column":6},"end":{"line":184,"column":23}},"37":{"start":{"line":184,"column":14},"end":{"line":184,"column":23}},"38":{"start":{"line":185,"column":6},"end":{"line":189,"column":8}},"39":{"start":{"line":194,"column":4},"end":{"line":194,"column":31}},"40":{"start":{"line":194,"column":24},"end":{"line":194,"column":31}},"41":{"start":{"line":196,"column":19},"end":{"line":196,"column":38}},"42":{"start":{"line":197,"column":4},"end":{"line":201,"column":5}},"43":{"start":{"line":198,"column":6},"end":{"line":198,"column":42}},"44":{"start":{"line":200,"column":6},"end":{"line":200,"column":36}},"45":{"start":{"line":204,"column":24},"end":{"line":237,"column":3}},"46":{"start":{"line":212,"column":8},"end":{"line":212,"column":38}},"47":{"start":{"line":212,"column":28},"end":{"line":212,"column":38}},"48":{"start":{"line":213,"column":8},"end":{"line":213,"column":42}},"49":{"start":{"line":215,"column":33},"end":{"line":215,"column":54}},"50":{"start":{"line":223,"column":8},"end":{"line":223,"column":38}},"51":{"start":{"line":223,"column":28},"end":{"line":223,"column":38}},"52":{"start":{"line":224,"column":8},"end":{"line":224,"column":70}},"53":{"start":{"line":224,"column":27},"end":{"line":224,"column":70}},"54":{"start":{"line":225,"column":8},"end":{"line":225,"column":42}},"55":{"start":{"line":227,"column":33},"end":{"line":227,"column":62}},"56":{"start":{"line":233,"column":20},"end":{"line":233,"column":21}},"57":{"start":{"line":234,"column":24},"end":{"line":234,"column":26}},"58":{"start":{"line":235,"column":24},"end":{"line":235,"column":26}},"59":{"start":{"line":242,"column":14},"end":{"line":242,"column":15}},"60":{"start":{"line":243,"column":24},"end":{"line":243,"column":25}},"61":{"start":{"line":244,"column":18},"end":{"line":244,"column":19}},"62":{"start":{"line":245,"column":21},"end":{"line":245,"column":22}},"63":{"start":{"line":246,"column":25},"end":{"line":246,"column":27}},"64":{"start":{"line":247,"column":21},"end":{"line":247,"column":23}},"65":{"start":{"line":248,"column":25},"end":{"line":248,"column":27}},"66":{"start":{"line":249,"column":21},"end":{"line":249,"column":24}},"67":{"start":{"line":250,"column":24},"end":{"line":250,"column":27}},"68":{"start":{"line":252,"column":2},"end":{"line":262,"column":4}},"69":{"start":{"line":268,"column":18},"end":{"line":294,"column":3}},"70":{"start":{"line":302,"column":15},"end":{"line":525,"column":3}},"71":{"start":{"line":303,"column":32},"end":{"line":306,"column":5}},"72":{"start":{"line":308,"column":27},"end":{"line":310,"column":5}},"73":{"start":{"line":312,"column":31},"end":{"line":315,"column":5}},"74":{"start":{"line":317,"column":32},"end":{"line":320,"column":5}},"75":{"start":{"line":322,"column":31},"end":{"line":325,"column":5}},"76":{"start":{"line":326,"column":36},"end":{"line":330,"column":5}},"77":{"start":{"line":331,"column":40},"end":{"line":335,"column":5}},"78":{"start":{"line":336,"column":27},"end":{"line":339,"column":5}},"79":{"start":{"line":341,"column":42},"end":{"line":345,"column":5}},"80":{"start":{"line":347,"column":28},"end":{"line":350,"column":5}},"81":{"start":{"line":352,"column":43},"end":{"line":356,"column":5}},"82":{"start":{"line":358,"column":42},"end":{"line":362,"column":5}},"83":{"start":{"line":364,"column":60},"end":{"line":369,"column":5}},"84":{"start":{"line":371,"column":47},"end":{"line":375,"column":5}},"85":{"start":{"line":377,"column":65},"end":{"line":382,"column":5}},"86":{"start":{"line":384,"column":36},"end":{"line":387,"column":5}},"87":{"start":{"line":389,"column":67},"end":{"line":395,"column":5}},"88":{"start":{"line":397,"column":64},"end":{"line":404,"column":5}},"89":{"start":{"line":406,"column":58},"end":{"line":411,"column":5}},"90":{"start":{"line":413,"column":22},"end":{"line":416,"column":5}},"91":{"start":{"line":418,"column":26},"end":{"line":421,"column":5}},"92":{"start":{"line":423,"column":27},"end":{"line":426,"column":5}},"93":{"start":{"line":428,"column":51},"end":{"line":432,"column":5}},"94":{"start":{"line":435,"column":6},"end":{"line":435,"column":199}},"95":{"start":{"line":437,"column":6},"end":{"line":441,"column":8}},"96":{"start":{"line":444,"column":31},"end":{"line":448,"column":5}},"97":{"start":{"line":449,"column":37},"end":{"line":453,"column":5}},"98":{"start":{"line":454,"column":28},"end":{"line":457,"column":5}},"99":{"start":{"line":458,"column":31},"end":{"line":461,"column":5}},"100":{"start":{"line":463,"column":45},"end":{"line":466,"column":5}},"101":{"start":{"line":468,"column":19},"end":{"line":468,"column":101}},"102":{"start":{"line":470,"column":6},"end":{"line":475,"column":8}},"103":{"start":{"line":477,"column":46},"end":{"line":481,"column":5}},"104":{"start":{"line":482,"column":54},"end":{"line":487,"column":5}},"105":{"start":{"line":489,"column":39},"end":{"line":493,"column":5}},"106":{"start":{"line":495,"column":37},"end":{"line":499,"column":5}},"107":{"start":{"line":501,"column":42},"end":{"line":506,"column":5}},"108":{"start":{"line":508,"column":47},"end":{"line":512,"column":5}},"109":{"start":{"line":514,"column":30},"end":{"line":518,"column":5}},"110":{"start":{"line":520,"column":36},"end":{"line":524,"column":5}},"111":{"start":{"line":531,"column":4},"end":{"line":535,"column":5}},"112":{"start":{"line":532,"column":23},"end":{"line":532,"column":38}},"113":{"start":{"line":533,"column":6},"end":{"line":533,"column":26}},"114":{"start":{"line":534,"column":6},"end":{"line":534,"column":27}},"115":{"start":{"line":536,"column":4},"end":{"line":536,"column":57}},"116":{"start":{"line":536,"column":30},"end":{"line":536,"column":57}},"117":{"start":{"line":537,"column":4},"end":{"line":537,"column":16}},"118":{"start":{"line":543,"column":16},"end":{"line":543,"column":37}},"119":{"start":{"line":544,"column":43},"end":{"line":549,"column":3}},"120":{"start":{"line":552,"column":2},"end":{"line":553,"column":57}},"121":{"start":{"line":553,"column":4},"end":{"line":553,"column":57}},"122":{"start":{"line":553,"column":34},"end":{"line":553,"column":56}},"123":{"start":{"line":559,"column":4},"end":{"line":561,"column":5}},"124":{"start":{"line":559,"column":17},"end":{"line":559,"column":18}},"125":{"start":{"line":559,"column":29},"end":{"line":559,"column":41}},"126":{"start":{"line":560,"column":6},"end":{"line":560,"column":51}},"127":{"start":{"line":560,"column":42},"end":{"line":560,"column":51}},"128":{"start":{"line":562,"column":4},"end":{"line":562,"column":14}},"129":{"start":{"line":574,"column":17},"end":{"line":574,"column":41}},"130":{"start":{"line":575,"column":4},"end":{"line":578,"column":6}},"131":{"start":{"line":577,"column":24},"end":{"line":577,"column":77}},"132":{"start":{"line":579,"column":4},"end":{"line":579,"column":18}},"133":{"start":{"line":584,"column":42},"end":{"line":599,"column":3}},"134":{"start":{"line":601,"column":2},"end":{"line":601,"column":44}},"135":{"start":{"line":601,"column":21},"end":{"line":601,"column":44}},"136":{"start":{"line":605,"column":2},"end":{"line":605,"column":36}},"137":{"start":{"line":614,"column":4},"end":{"line":614,"column":33}},"138":{"start":{"line":615,"column":4},"end":{"line":619,"column":7}},"139":{"start":{"line":636,"column":20},"end":{"line":636,"column":65}},"140":{"start":{"line":639,"column":4},"end":{"line":645,"column":5}},"141":{"start":{"line":640,"column":6},"end":{"line":640,"column":36}},"142":{"start":{"line":641,"column":6},"end":{"line":641,"column":40}},"143":{"start":{"line":642,"column":6},"end":{"line":644,"column":8}},"144":{"start":{"line":647,"column":4},"end":{"line":663,"column":5}},"145":{"start":{"line":648,"column":6},"end":{"line":648,"column":34}},"146":{"start":{"line":649,"column":6},"end":{"line":651,"column":8}},"147":{"start":{"line":652,"column":6},"end":{"line":652,"column":26}},"148":{"start":{"line":653,"column":6},"end":{"line":653,"column":24}},"149":{"start":{"line":654,"column":6},"end":{"line":654,"column":25}},"150":{"start":{"line":656,"column":6},"end":{"line":656,"column":45}},"151":{"start":{"line":657,"column":6},"end":{"line":659,"column":8}},"152":{"start":{"line":660,"column":6},"end":{"line":660,"column":30}},"153":{"start":{"line":661,"column":6},"end":{"line":661,"column":35}},"154":{"start":{"line":662,"column":6},"end":{"line":662,"column":25}},"155":{"start":{"line":664,"column":4},"end":{"line":664,"column":16}},"156":{"start":{"line":668,"column":16},"end":{"line":668,"column":59}},"157":{"start":{"line":669,"column":4},"end":{"line":669,"column":24}},"158":{"start":{"line":669,"column":13},"end":{"line":669,"column":24}},"159":{"start":{"line":670,"column":4},"end":{"line":670,"column":23}},"160":{"start":{"line":681,"column":4},"end":{"line":681,"column":64}},"161":{"start":{"line":698,"column":17},"end":{"line":698,"column":38}},"162":{"start":{"line":699,"column":4},"end":{"line":726,"column":5}},"163":{"start":{"line":701,"column":6},"end":{"line":724,"column":7}},"164":{"start":{"line":703,"column":10},"end":{"line":703,"column":26}},"165":{"start":{"line":704,"column":10},"end":{"line":704,"column":16}},"166":{"start":{"line":706,"column":10},"end":{"line":706,"column":27}},"167":{"start":{"line":707,"column":10},"end":{"line":707,"column":16}},"168":{"start":{"line":709,"column":10},"end":{"line":709,"column":30}},"169":{"start":{"line":710,"column":10},"end":{"line":710,"column":16}},"170":{"start":{"line":712,"column":10},"end":{"line":712,"column":26}},"171":{"start":{"line":713,"column":10},"end":{"line":713,"column":16}},"172":{"start":{"line":715,"column":10},"end":{"line":715,"column":26}},"173":{"start":{"line":716,"column":10},"end":{"line":716,"column":16}},"174":{"start":{"line":718,"column":10},"end":{"line":718,"column":27}},"175":{"start":{"line":719,"column":10},"end":{"line":719,"column":16}},"176":{"start":{"line":721,"column":10},"end":{"line":721,"column":72}},"177":{"start":{"line":723,"column":10},"end":{"line":723,"column":52}},"178":{"start":{"line":725,"column":6},"end":{"line":725,"column":76}},"179":{"start":{"line":727,"column":4},"end":{"line":727,"column":66}},"180":{"start":{"line":758,"column":2},"end":{"line":758,"column":20}},"181":{"start":{"line":761,"column":4},"end":{"line":761,"column":74}},"182":{"start":{"line":761,"column":23},"end":{"line":761,"column":74}},"183":{"start":{"line":763,"column":4},"end":{"line":763,"column":21}},"184":{"start":{"line":766,"column":4},"end":{"line":772,"column":5}},"185":{"start":{"line":770,"column":6},"end":{"line":770,"column":20}},"186":{"start":{"line":771,"column":6},"end":{"line":771,"column":23}},"187":{"start":{"line":774,"column":4},"end":{"line":783,"column":5}},"188":{"start":{"line":776,"column":6},"end":{"line":782,"column":7}},"189":{"start":{"line":780,"column":8},"end":{"line":780,"column":28}},"190":{"start":{"line":781,"column":8},"end":{"line":781,"column":25}},"191":{"start":{"line":785,"column":4},"end":{"line":794,"column":5}},"192":{"start":{"line":786,"column":6},"end":{"line":786,"column":49}},"193":{"start":{"line":786,"column":25},"end":{"line":786,"column":49}},"194":{"start":{"line":787,"column":6},"end":{"line":793,"column":8}},"195":{"start":{"line":796,"column":21},"end":{"line":796,"column":44}},"196":{"start":{"line":797,"column":17},"end":{"line":797,"column":44}},"197":{"start":{"line":800,"column":4},"end":{"line":800,"column":23}},"198":{"start":{"line":801,"column":4},"end":{"line":801,"column":70}},"199":{"start":{"line":801,"column":37},"end":{"line":801,"column":70}},"200":{"start":{"line":803,"column":4},"end":{"line":904,"column":5}},"201":{"start":{"line":807,"column":8},"end":{"line":807,"column":35}},"202":{"start":{"line":819,"column":8},"end":{"line":819,"column":36}},"203":{"start":{"line":823,"column":8},"end":{"line":823,"column":58}},"204":{"start":{"line":823,"column":30},"end":{"line":823,"column":58}},"205":{"start":{"line":824,"column":8},"end":{"line":827,"column":9}},"206":{"start":{"line":825,"column":10},"end":{"line":825,"column":77}},"207":{"start":{"line":825,"column":50},"end":{"line":825,"column":77}},"208":{"start":{"line":826,"column":10},"end":{"line":826,"column":38}},"209":{"start":{"line":828,"column":8},"end":{"line":828,"column":35}},"210":{"start":{"line":831,"column":8},"end":{"line":831,"column":53}},"211":{"start":{"line":831,"column":25},"end":{"line":831,"column":53}},"212":{"start":{"line":833,"column":8},"end":{"line":833,"column":14}},"213":{"start":{"line":835,"column":8},"end":{"line":835,"column":53}},"214":{"start":{"line":835,"column":25},"end":{"line":835,"column":53}},"215":{"start":{"line":836,"column":8},"end":{"line":836,"column":35}},"216":{"start":{"line":839,"column":8},"end":{"line":844,"column":11}},"217":{"start":{"line":840,"column":10},"end":{"line":844,"column":11}},"218":{"start":{"line":841,"column":12},"end":{"line":842,"column":43}},"219":{"start":{"line":842,"column":14},"end":{"line":842,"column":43}},"220":{"start":{"line":843,"column":12},"end":{"line":843,"column":40}},"221":{"start":{"line":845,"column":8},"end":{"line":845,"column":53}},"222":{"start":{"line":845,"column":25},"end":{"line":845,"column":53}},"223":{"start":{"line":846,"column":8},"end":{"line":846,"column":35}},"224":{"start":{"line":849,"column":8},"end":{"line":854,"column":11}},"225":{"start":{"line":850,"column":10},"end":{"line":854,"column":11}},"226":{"start":{"line":851,"column":12},"end":{"line":852,"column":43}},"227":{"start":{"line":852,"column":14},"end":{"line":852,"column":43}},"228":{"start":{"line":853,"column":12},"end":{"line":853,"column":40}},"229":{"start":{"line":855,"column":8},"end":{"line":855,"column":53}},"230":{"start":{"line":855,"column":25},"end":{"line":855,"column":53}},"231":{"start":{"line":856,"column":8},"end":{"line":856,"column":35}},"232":{"start":{"line":859,"column":8},"end":{"line":859,"column":53}},"233":{"start":{"line":859,"column":25},"end":{"line":859,"column":53}},"234":{"start":{"line":860,"column":8},"end":{"line":860,"column":46}},"235":{"start":{"line":860,"column":40},"end":{"line":860,"column":46}},"236":{"start":{"line":861,"column":8},"end":{"line":861,"column":35}},"237":{"start":{"line":864,"column":8},"end":{"line":864,"column":74}},"238":{"start":{"line":864,"column":29},"end":{"line":864,"column":74}},"239":{"start":{"line":864,"column":46},"end":{"line":864,"column":74}},"240":{"start":{"line":865,"column":8},"end":{"line":865,"column":35}},"241":{"start":{"line":869,"column":8},"end":{"line":869,"column":71}},"242":{"start":{"line":869,"column":40},"end":{"line":869,"column":71}},"243":{"start":{"line":870,"column":8},"end":{"line":870,"column":35}},"244":{"start":{"line":873,"column":8},"end":{"line":878,"column":9}},"245":{"start":{"line":875,"column":10},"end":{"line":876,"column":57}},"246":{"start":{"line":876,"column":12},"end":{"line":876,"column":57}},"247":{"start":{"line":876,"column":29},"end":{"line":876,"column":57}},"248":{"start":{"line":877,"column":10},"end":{"line":877,"column":37}},"249":{"start":{"line":879,"column":8},"end":{"line":879,"column":14}},"250":{"start":{"line":882,"column":8},"end":{"line":882,"column":46}},"251":{"start":{"line":882,"column":40},"end":{"line":882,"column":46}},"252":{"start":{"line":883,"column":8},"end":{"line":883,"column":14}},"253":{"start":{"line":891,"column":8},"end":{"line":891,"column":74}},"254":{"start":{"line":891,"column":25},"end":{"line":891,"column":74}},"255":{"start":{"line":892,"column":8},"end":{"line":892,"column":14}},"256":{"start":{"line":903,"column":8},"end":{"line":903,"column":51}},"257":{"start":{"line":906,"column":4},"end":{"line":906,"column":43}},"258":{"start":{"line":914,"column":21},"end":{"line":914,"column":44}},"259":{"start":{"line":915,"column":25},"end":{"line":915,"column":52}},"260":{"start":{"line":917,"column":4},"end":{"line":925,"column":5}},"261":{"start":{"line":919,"column":6},"end":{"line":919,"column":58}},"262":{"start":{"line":919,"column":50},"end":{"line":919,"column":58}},"263":{"start":{"line":920,"column":6},"end":{"line":920,"column":58}},"264":{"start":{"line":920,"column":50},"end":{"line":920,"column":58}},"265":{"start":{"line":921,"column":6},"end":{"line":921,"column":13}},"266":{"start":{"line":922,"column":6},"end":{"line":922,"column":26}},"267":{"start":{"line":924,"column":6},"end":{"line":924,"column":18}},"268":{"start":{"line":926,"column":4},"end":{"line":926,"column":17}},"269":{"start":{"line":930,"column":4},"end":{"line":937,"column":5}},"270":{"start":{"line":931,"column":23},"end":{"line":931,"column":46}},"271":{"start":{"line":932,"column":6},"end":{"line":936,"column":7}},"272":{"start":{"line":933,"column":8},"end":{"line":933,"column":16}},"273":{"start":{"line":934,"column":13},"end":{"line":936,"column":7}},"274":{"start":{"line":935,"column":8},"end":{"line":935,"column":14}},"275":{"start":{"line":950,"column":4},"end":{"line":950,"column":56}},"276":{"start":{"line":951,"column":4},"end":{"line":951,"column":63}},"277":{"start":{"line":954,"column":4},"end":{"line":964,"column":5}},"278":{"start":{"line":955,"column":6},"end":{"line":955,"column":21}},"279":{"start":{"line":956,"column":11},"end":{"line":964,"column":5}},"280":{"start":{"line":957,"column":6},"end":{"line":957,"column":28}},"281":{"start":{"line":958,"column":6},"end":{"line":958,"column":31}},"282":{"start":{"line":959,"column":11},"end":{"line":964,"column":5}},"283":{"start":{"line":960,"column":6},"end":{"line":960,"column":24}},"284":{"start":{"line":961,"column":6},"end":{"line":961,"column":19}},"285":{"start":{"line":963,"column":6},"end":{"line":963,"column":24}},"286":{"start":{"line":966,"column":4},"end":{"line":972,"column":6}},"287":{"start":{"line":979,"column":4},"end":{"line":979,"column":26}},"288":{"start":{"line":980,"column":4},"end":{"line":986,"column":6}},"289":{"start":{"line":992,"column":4},"end":{"line":992,"column":15}},"290":{"start":{"line":993,"column":4},"end":{"line":999,"column":6}},"291":{"start":{"line":1005,"column":22},"end":{"line":1005,"column":47}},"292":{"start":{"line":1006,"column":22},"end":{"line":1006,"column":26}},"293":{"start":{"line":1007,"column":27},"end":{"line":1007,"column":36}},"294":{"start":{"line":1008,"column":22},"end":{"line":1008,"column":27}},"295":{"start":{"line":1009,"column":17},"end":{"line":1009,"column":56}},"296":{"start":{"line":1012,"column":4},"end":{"line":1035,"column":5}},"297":{"start":{"line":1013,"column":6},"end":{"line":1013,"column":43}},"298":{"start":{"line":1014,"column":6},"end":{"line":1014,"column":40}},"299":{"start":{"line":1014,"column":34},"end":{"line":1014,"column":40}},"300":{"start":{"line":1017,"column":6},"end":{"line":1024,"column":7}},"301":{"start":{"line":1018,"column":8},"end":{"line":1018,"column":54}},"302":{"start":{"line":1019,"column":8},"end":{"line":1023,"column":10}},"303":{"start":{"line":1025,"column":6},"end":{"line":1034,"column":7}},"304":{"start":{"line":1027,"column":8},"end":{"line":1030,"column":9}},"305":{"start":{"line":1028,"column":31},"end":{"line":1028,"column":66}},"306":{"start":{"line":1029,"column":10},"end":{"line":1029,"column":53}},"307":{"start":{"line":1031,"column":28},"end":{"line":1031,"column":48}},"308":{"start":{"line":1032,"column":8},"end":{"line":1032,"column":64}},"309":{"start":{"line":1032,"column":42},"end":{"line":1032,"column":64}},"310":{"start":{"line":1033,"column":8},"end":{"line":1033,"column":28}},"311":{"start":{"line":1036,"column":4},"end":{"line":1039,"column":5}},"312":{"start":{"line":1037,"column":6},"end":{"line":1037,"column":46}},"313":{"start":{"line":1038,"column":6},"end":{"line":1038,"column":72}},"314":{"start":{"line":1041,"column":4},"end":{"line":1049,"column":6}},"315":{"start":{"line":1057,"column":22},"end":{"line":1057,"column":26}},"316":{"start":{"line":1058,"column":27},"end":{"line":1058,"column":36}},"317":{"start":{"line":1059,"column":19},"end":{"line":1059,"column":40}},"318":{"start":{"line":1061,"column":4},"end":{"line":1061,"column":80}},"319":{"start":{"line":1061,"column":26},"end":{"line":1061,"column":80}},"320":{"start":{"line":1063,"column":4},"end":{"line":1071,"column":6}},"321":{"start":{"line":1081,"column":22},"end":{"line":1081,"column":41}},"322":{"start":{"line":1082,"column":17},"end":{"line":1082,"column":40}},"323":{"start":{"line":1085,"column":6},"end":{"line":1085,"column":96}},"324":{"start":{"line":1087,"column":31},"end":{"line":1087,"column":56}},"325":{"start":{"line":1088,"column":29},"end":{"line":1088,"column":46}},"326":{"start":{"line":1090,"column":4},"end":{"line":1092,"column":5}},"327":{"start":{"line":1091,"column":6},"end":{"line":1091,"column":74}},"328":{"start":{"line":1094,"column":4},"end":{"line":1100,"column":6}},"329":{"start":{"line":1104,"column":4},"end":{"line":1104,"column":43}},"330":{"start":{"line":1104,"column":36},"end":{"line":1104,"column":43}},"331":{"start":{"line":1108,"column":4},"end":{"line":1111,"column":5}},"332":{"start":{"line":1109,"column":6},"end":{"line":1109,"column":14}},"333":{"start":{"line":1110,"column":6},"end":{"line":1110,"column":18}},"334":{"start":{"line":1112,"column":4},"end":{"line":1112,"column":17}},"335":{"start":{"line":1116,"column":4},"end":{"line":1116,"column":42}},"336":{"start":{"line":1116,"column":35},"end":{"line":1116,"column":42}},"337":{"start":{"line":1121,"column":4},"end":{"line":1143,"column":5}},"338":{"start":{"line":1122,"column":6},"end":{"line":1122,"column":14}},"339":{"start":{"line":1123,"column":6},"end":{"line":1134,"column":7}},"340":{"start":{"line":1124,"column":8},"end":{"line":1124,"column":16}},"341":{"start":{"line":1125,"column":8},"end":{"line":1128,"column":9}},"342":{"start":{"line":1126,"column":10},"end":{"line":1126,"column":18}},"343":{"start":{"line":1127,"column":10},"end":{"line":1127,"column":23}},"344":{"start":{"line":1130,"column":8},"end":{"line":1130,"column":76}},"345":{"start":{"line":1133,"column":8},"end":{"line":1133,"column":76}},"346":{"start":{"line":1135,"column":11},"end":{"line":1143,"column":5}},"347":{"start":{"line":1136,"column":6},"end":{"line":1136,"column":14}},"348":{"start":{"line":1137,"column":6},"end":{"line":1140,"column":7}},"349":{"start":{"line":1138,"column":8},"end":{"line":1138,"column":16}},"350":{"start":{"line":1139,"column":8},"end":{"line":1139,"column":20}},"351":{"start":{"line":1142,"column":6},"end":{"line":1142,"column":74}},"352":{"start":{"line":1157,"column":19},"end":{"line":1157,"column":20}},"353":{"start":{"line":1158,"column":25},"end":{"line":1158,"column":26}},"354":{"start":{"line":1159,"column":21},"end":{"line":1159,"column":22}},"355":{"start":{"line":1166,"column":4},"end":{"line":1166,"column":28}},"356":{"start":{"line":1169,"column":4},"end":{"line":1170,"column":74}},"357":{"start":{"line":1170,"column":6},"end":{"line":1170,"column":74}},"358":{"start":{"line":1172,"column":4},"end":{"line":1172,"column":56}},"359":{"start":{"line":1172,"column":48},"end":{"line":1172,"column":56}},"360":{"start":{"line":1174,"column":4},"end":{"line":1174,"column":64}},"361":{"start":{"line":1177,"column":24},"end":{"line":1177,"column":29}},"362":{"start":{"line":1178,"column":4},"end":{"line":1188,"column":5}},"363":{"start":{"line":1179,"column":6},"end":{"line":1179,"column":27}},"364":{"start":{"line":1180,"column":6},"end":{"line":1180,"column":30}},"365":{"start":{"line":1182,"column":6},"end":{"line":1182,"column":58}},"366":{"start":{"line":1182,"column":50},"end":{"line":1182,"column":58}},"367":{"start":{"line":1183,"column":6},"end":{"line":1183,"column":51}},"368":{"start":{"line":1187,"column":6},"end":{"line":1187,"column":109}},"369":{"start":{"line":1191,"column":30},"end":{"line":1191,"column":35}},"370":{"start":{"line":1192,"column":4},"end":{"line":1211,"column":5}},"371":{"start":{"line":1193,"column":6},"end":{"line":1193,"column":33}},"372":{"start":{"line":1194,"column":6},"end":{"line":1194,"column":14}},"373":{"start":{"line":1197,"column":6},"end":{"line":1198,"column":60}},"374":{"start":{"line":1198,"column":8},"end":{"line":1198,"column":60}},"375":{"start":{"line":1200,"column":6},"end":{"line":1200,"column":28}},"376":{"start":{"line":1203,"column":6},"end":{"line":1204,"column":76}},"377":{"start":{"line":1204,"column":8},"end":{"line":1204,"column":76}},"378":{"start":{"line":1206,"column":6},"end":{"line":1206,"column":58}},"379":{"start":{"line":1206,"column":50},"end":{"line":1206,"column":58}},"380":{"start":{"line":1207,"column":6},"end":{"line":1207,"column":57}},"381":{"start":{"line":1210,"column":6},"end":{"line":1210,"column":58}},"382":{"start":{"line":1213,"column":4},"end":{"line":1216,"column":6}},"383":{"start":{"line":1224,"column":4},"end":{"line":1224,"column":56}},"384":{"start":{"line":1224,"column":48},"end":{"line":1224,"column":56}},"385":{"start":{"line":1226,"column":24},"end":{"line":1226,"column":29}},"386":{"start":{"line":1227,"column":4},"end":{"line":1232,"column":5}},"387":{"start":{"line":1228,"column":6},"end":{"line":1228,"column":27}},"388":{"start":{"line":1229,"column":6},"end":{"line":1229,"column":14}},"389":{"start":{"line":1231,"column":6},"end":{"line":1231,"column":58}},"390":{"start":{"line":1231,"column":50},"end":{"line":1231,"column":58}},"391":{"start":{"line":1235,"column":24},"end":{"line":1235,"column":29}},"392":{"start":{"line":1236,"column":4},"end":{"line":1246,"column":5}},"393":{"start":{"line":1237,"column":6},"end":{"line":1237,"column":27}},"394":{"start":{"line":1238,"column":6},"end":{"line":1238,"column":14}},"395":{"start":{"line":1240,"column":6},"end":{"line":1240,"column":66}},"396":{"start":{"line":1240,"column":58},"end":{"line":1240,"column":66}},"397":{"start":{"line":1242,"column":6},"end":{"line":1243,"column":76}},"398":{"start":{"line":1243,"column":8},"end":{"line":1243,"column":76}},"399":{"start":{"line":1245,"column":6},"end":{"line":1245,"column":58}},"400":{"start":{"line":1245,"column":50},"end":{"line":1245,"column":58}},"401":{"start":{"line":1248,"column":4},"end":{"line":1251,"column":6}},"402":{"start":{"line":1255,"column":26},"end":{"line":1255,"column":33}},"403":{"start":{"line":1257,"column":4},"end":{"line":1263,"column":8}},"404":{"start":{"line":1258,"column":6},"end":{"line":1263,"column":8}},"405":{"start":{"line":1264,"column":4},"end":{"line":1269,"column":8}},"406":{"start":{"line":1265,"column":6},"end":{"line":1269,"column":8}},"407":{"start":{"line":1271,"column":4},"end":{"line":1271,"column":53}},"408":{"start":{"line":1271,"column":45},"end":{"line":1271,"column":53}},"409":{"start":{"line":1272,"column":21},"end":{"line":1272,"column":26}},"410":{"start":{"line":1274,"column":4},"end":{"line":1282,"column":5}},"411":{"start":{"line":1275,"column":6},"end":{"line":1275,"column":14}},"412":{"start":{"line":1276,"column":6},"end":{"line":1281,"column":10}},"413":{"start":{"line":1277,"column":8},"end":{"line":1281,"column":10}},"414":{"start":{"line":1284,"column":14},"end":{"line":1284,"column":35}},"415":{"start":{"line":1285,"column":4},"end":{"line":1299,"column":5}},"416":{"start":{"line":1286,"column":6},"end":{"line":1298,"column":10}},"417":{"start":{"line":1287,"column":8},"end":{"line":1292,"column":10}},"418":{"start":{"line":1294,"column":8},"end":{"line":1298,"column":10}},"419":{"start":{"line":1301,"column":22},"end":{"line":1304,"column":5}},"420":{"start":{"line":1305,"column":17},"end":{"line":1305,"column":57}},"421":{"start":{"line":1307,"column":4},"end":{"line":1309,"column":5}},"422":{"start":{"line":1308,"column":6},"end":{"line":1308,"column":50}},"423":{"start":{"line":1311,"column":4},"end":{"line":1311,"column":52}},"424":{"start":{"line":1316,"column":26},"end":{"line":1316,"column":31}},"425":{"start":{"line":1317,"column":4},"end":{"line":1408,"column":5}},"426":{"start":{"line":1320,"column":8},"end":{"line":1320,"column":16}},"427":{"start":{"line":1321,"column":8},"end":{"line":1321,"column":22}},"428":{"start":{"line":1323,"column":8},"end":{"line":1323,"column":16}},"429":{"start":{"line":1324,"column":8},"end":{"line":1324,"column":20}},"430":{"start":{"line":1326,"column":8},"end":{"line":1326,"column":16}},"431":{"start":{"line":1327,"column":8},"end":{"line":1327,"column":20}},"432":{"start":{"line":1329,"column":8},"end":{"line":1329,"column":16}},"433":{"start":{"line":1330,"column":8},"end":{"line":1330,"column":20}},"434":{"start":{"line":1332,"column":8},"end":{"line":1332,"column":16}},"435":{"start":{"line":1333,"column":8},"end":{"line":1333,"column":22}},"436":{"start":{"line":1335,"column":8},"end":{"line":1335,"column":16}},"437":{"start":{"line":1336,"column":8},"end":{"line":1336,"column":20}},"438":{"start":{"line":1338,"column":8},"end":{"line":1338,"column":16}},"439":{"start":{"line":1339,"column":8},"end":{"line":1339,"column":20}},"440":{"start":{"line":1346,"column":8},"end":{"line":1346,"column":21}},"441":{"start":{"line":1347,"column":8},"end":{"line":1347,"column":20}},"442":{"start":{"line":1360,"column":8},"end":{"line":1361,"column":18}},"443":{"start":{"line":1361,"column":10},"end":{"line":1361,"column":18}},"444":{"start":{"line":1363,"column":21},"end":{"line":1363,"column":54}},"445":{"start":{"line":1364,"column":20},"end":{"line":1364,"column":45}},"446":{"start":{"line":1365,"column":8},"end":{"line":1367,"column":9}},"447":{"start":{"line":1366,"column":10},"end":{"line":1366,"column":64}},"448":{"start":{"line":1368,"column":8},"end":{"line":1368,"column":57}},"449":{"start":{"line":1372,"column":8},"end":{"line":1376,"column":9}},"450":{"start":{"line":1373,"column":10},"end":{"line":1373,"column":18}},"451":{"start":{"line":1374,"column":10},"end":{"line":1374,"column":27}},"452":{"start":{"line":1375,"column":10},"end":{"line":1375,"column":20}},"453":{"start":{"line":1377,"column":8},"end":{"line":1377,"column":14}},"454":{"start":{"line":1380,"column":8},"end":{"line":1397,"column":9}},"455":{"start":{"line":1382,"column":10},"end":{"line":1391,"column":11}},"456":{"start":{"line":1386,"column":12},"end":{"line":1386,"column":23}},"457":{"start":{"line":1387,"column":12},"end":{"line":1390,"column":14}},"458":{"start":{"line":1392,"column":10},"end":{"line":1396,"column":12}},"459":{"start":{"line":1398,"column":8},"end":{"line":1398,"column":14}},"460":{"start":{"line":1401,"column":8},"end":{"line":1401,"column":72}},"461":{"start":{"line":1401,"column":37},"end":{"line":1401,"column":72}},"462":{"start":{"line":1402,"column":8},"end":{"line":1402,"column":14}},"463":{"start":{"line":1407,"column":8},"end":{"line":1407,"column":37}},"464":{"start":{"line":1410,"column":4},"end":{"line":1415,"column":8}},"465":{"start":{"line":1411,"column":6},"end":{"line":1415,"column":8}},"466":{"start":{"line":1416,"column":4},"end":{"line":1416,"column":33}},"467":{"start":{"line":1426,"column":4},"end":{"line":1426,"column":23}},"468":{"start":{"line":1427,"column":4},"end":{"line":1427,"column":15}},"469":{"start":{"line":1429,"column":22},"end":{"line":1429,"column":41}},"470":{"start":{"line":1430,"column":18},"end":{"line":1430,"column":20}},"471":{"start":{"line":1431,"column":17},"end":{"line":1431,"column":22}},"472":{"start":{"line":1432,"column":25},"end":{"line":1432,"column":30}},"473":{"start":{"line":1433,"column":29},"end":{"line":1433,"column":38}},"474":{"start":{"line":1434,"column":24},"end":{"line":1434,"column":28}},"475":{"start":{"line":1436,"column":4},"end":{"line":1441,"column":5}},"476":{"start":{"line":1437,"column":6},"end":{"line":1437,"column":37}},"477":{"start":{"line":1439,"column":6},"end":{"line":1440,"column":25}},"478":{"start":{"line":1439,"column":29},"end":{"line":1439,"column":49}},"479":{"start":{"line":1440,"column":11},"end":{"line":1440,"column":25}},"480":{"start":{"line":1443,"column":4},"end":{"line":1449,"column":5}},"481":{"start":{"line":1444,"column":6},"end":{"line":1447,"column":7}},"482":{"start":{"line":1445,"column":8},"end":{"line":1445,"column":61}},"483":{"start":{"line":1445,"column":55},"end":{"line":1445,"column":61}},"484":{"start":{"line":1446,"column":8},"end":{"line":1446,"column":16}},"485":{"start":{"line":1448,"column":6},"end":{"line":1448,"column":71}},"486":{"start":{"line":1448,"column":28},"end":{"line":1448,"column":71}},"487":{"start":{"line":1451,"column":4},"end":{"line":1467,"column":5}},"488":{"start":{"line":1452,"column":19},"end":{"line":1452,"column":71}},"489":{"start":{"line":1456,"column":6},"end":{"line":1461,"column":7}},"490":{"start":{"line":1457,"column":8},"end":{"line":1460,"column":10}},"491":{"start":{"line":1462,"column":6},"end":{"line":1464,"column":7}},"492":{"start":{"line":1463,"column":8},"end":{"line":1463,"column":41}},"493":{"start":{"line":1465,"column":6},"end":{"line":1465,"column":59}},"494":{"start":{"line":1465,"column":32},"end":{"line":1465,"column":59}},"495":{"start":{"line":1466,"column":6},"end":{"line":1466,"column":26}},"496":{"start":{"line":1477,"column":4},"end":{"line":1477,"column":23}},"497":{"start":{"line":1479,"column":22},"end":{"line":1479,"column":41}},"498":{"start":{"line":1480,"column":18},"end":{"line":1480,"column":20}},"499":{"start":{"line":1481,"column":17},"end":{"line":1481,"column":22}},"500":{"start":{"line":1482,"column":25},"end":{"line":1482,"column":30}},"501":{"start":{"line":1483,"column":29},"end":{"line":1483,"column":38}},"502":{"start":{"line":1484,"column":24},"end":{"line":1484,"column":28}},"503":{"start":{"line":1486,"column":4},"end":{"line":1486,"column":41}},"504":{"start":{"line":1489,"column":4},"end":{"line":1490,"column":23}},"505":{"start":{"line":1489,"column":27},"end":{"line":1489,"column":47}},"506":{"start":{"line":1490,"column":9},"end":{"line":1490,"column":23}},"507":{"start":{"line":1493,"column":4},"end":{"line":1499,"column":5}},"508":{"start":{"line":1494,"column":6},"end":{"line":1497,"column":7}},"509":{"start":{"line":1495,"column":8},"end":{"line":1495,"column":61}},"510":{"start":{"line":1495,"column":55},"end":{"line":1495,"column":61}},"511":{"start":{"line":1496,"column":8},"end":{"line":1496,"column":16}},"512":{"start":{"line":1498,"column":6},"end":{"line":1498,"column":71}},"513":{"start":{"line":1498,"column":28},"end":{"line":1498,"column":71}},"514":{"start":{"line":1501,"column":4},"end":{"line":1517,"column":5}},"515":{"start":{"line":1502,"column":19},"end":{"line":1502,"column":77}},"516":{"start":{"line":1506,"column":6},"end":{"line":1511,"column":7}},"517":{"start":{"line":1507,"column":8},"end":{"line":1510,"column":10}},"518":{"start":{"line":1512,"column":6},"end":{"line":1514,"column":7}},"519":{"start":{"line":1513,"column":8},"end":{"line":1513,"column":41}},"520":{"start":{"line":1515,"column":6},"end":{"line":1515,"column":59}},"521":{"start":{"line":1515,"column":32},"end":{"line":1515,"column":59}},"522":{"start":{"line":1516,"column":6},"end":{"line":1516,"column":26}},"523":{"start":{"line":1524,"column":18},"end":{"line":1524,"column":20}},"524":{"start":{"line":1525,"column":21},"end":{"line":1525,"column":26}},"525":{"start":{"line":1528,"column":22},"end":{"line":1528,"column":26}},"526":{"start":{"line":1530,"column":4},"end":{"line":1530,"column":15}},"527":{"start":{"line":1532,"column":4},"end":{"line":1532,"column":64}},"528":{"start":{"line":1532,"column":51},"end":{"line":1532,"column":64}},"529":{"start":{"line":1534,"column":4},"end":{"line":1534,"column":24}},"530":{"start":{"line":1536,"column":4},"end":{"line":1556,"column":5}},"531":{"start":{"line":1539,"column":6},"end":{"line":1539,"column":69}},"532":{"start":{"line":1539,"column":56},"end":{"line":1539,"column":69}},"533":{"start":{"line":1541,"column":6},"end":{"line":1541,"column":40}},"534":{"start":{"line":1545,"column":6},"end":{"line":1548,"column":7}},"535":{"start":{"line":1546,"column":8},"end":{"line":1546,"column":26}},"536":{"start":{"line":1547,"column":8},"end":{"line":1547,"column":60}},"537":{"start":{"line":1547,"column":41},"end":{"line":1547,"column":60}},"538":{"start":{"line":1551,"column":6},"end":{"line":1555,"column":7}},"539":{"start":{"line":1552,"column":8},"end":{"line":1552,"column":55}},"540":{"start":{"line":1553,"column":8},"end":{"line":1553,"column":19}},"541":{"start":{"line":1554,"column":8},"end":{"line":1554,"column":23}},"542":{"start":{"line":1558,"column":4},"end":{"line":1563,"column":6}},"543":{"start":{"line":1570,"column":16},"end":{"line":1570,"column":17}},"544":{"start":{"line":1571,"column":18},"end":{"line":1571,"column":20}},"545":{"start":{"line":1572,"column":21},"end":{"line":1572,"column":26}},"546":{"start":{"line":1575,"column":22},"end":{"line":1575,"column":26}},"547":{"start":{"line":1577,"column":4},"end":{"line":1577,"column":12}},"548":{"start":{"line":1580,"column":4},"end":{"line":1580,"column":56}},"549":{"start":{"line":1580,"column":48},"end":{"line":1580,"column":56}},"550":{"start":{"line":1582,"column":4},"end":{"line":1582,"column":58}},"551":{"start":{"line":1582,"column":45},"end":{"line":1582,"column":58}},"552":{"start":{"line":1584,"column":4},"end":{"line":1584,"column":23}},"553":{"start":{"line":1587,"column":4},"end":{"line":1587,"column":64}},"554":{"start":{"line":1587,"column":51},"end":{"line":1587,"column":64}},"555":{"start":{"line":1589,"column":4},"end":{"line":1589,"column":24}},"556":{"start":{"line":1590,"column":4},"end":{"line":1613,"column":5}},"557":{"start":{"line":1593,"column":6},"end":{"line":1593,"column":69}},"558":{"start":{"line":1593,"column":56},"end":{"line":1593,"column":69}},"559":{"start":{"line":1595,"column":6},"end":{"line":1595,"column":40}},"560":{"start":{"line":1599,"column":6},"end":{"line":1605,"column":7}},"561":{"start":{"line":1600,"column":8},"end":{"line":1600,"column":26}},"562":{"start":{"line":1601,"column":8},"end":{"line":1603,"column":9}},"563":{"start":{"line":1601,"column":21},"end":{"line":1601,"column":22}},"564":{"start":{"line":1602,"column":10},"end":{"line":1602,"column":66}},"565":{"start":{"line":1602,"column":47},"end":{"line":1602,"column":66}},"566":{"start":{"line":1604,"column":8},"end":{"line":1604,"column":68}},"567":{"start":{"line":1604,"column":49},"end":{"line":1604,"column":68}},"568":{"start":{"line":1608,"column":6},"end":{"line":1612,"column":7}},"569":{"start":{"line":1609,"column":8},"end":{"line":1609,"column":55}},"570":{"start":{"line":1610,"column":8},"end":{"line":1610,"column":27}},"571":{"start":{"line":1611,"column":8},"end":{"line":1611,"column":23}},"572":{"start":{"line":1615,"column":4},"end":{"line":1620,"column":6}},"573":{"start":{"line":1631,"column":4},"end":{"line":1631,"column":26}},"574":{"start":{"line":1632,"column":4},"end":{"line":1632,"column":22}},"575":{"start":{"line":1633,"column":4},"end":{"line":1633,"column":22}},"576":{"start":{"line":1640,"column":4},"end":{"line":1643,"column":5}},"577":{"start":{"line":1641,"column":6},"end":{"line":1641,"column":13}},"578":{"start":{"line":1642,"column":6},"end":{"line":1642,"column":18}},"579":{"start":{"line":1644,"column":4},"end":{"line":1644,"column":17}},"580":{"start":{"line":1650,"column":4},"end":{"line":1651,"column":65}},"581":{"start":{"line":1650,"column":31},"end":{"line":1650,"column":38}},"582":{"start":{"line":1651,"column":9},"end":{"line":1651,"column":65}},"583":{"start":{"line":1657,"column":4},"end":{"line":1659,"column":6}},"584":{"start":{"line":1663,"column":4},"end":{"line":1663,"column":46}},"585":{"start":{"line":1667,"column":4},"end":{"line":1667,"column":44}},"586":{"start":{"line":1671,"column":4},"end":{"line":1675,"column":6}},"587":{"start":{"line":1683,"column":4},"end":{"line":1688,"column":18}},"588":{"start":{"line":1688,"column":6},"end":{"line":1688,"column":18}},"589":{"start":{"line":1690,"column":4},"end":{"line":1690,"column":69}},"590":{"start":{"line":1690,"column":57},"end":{"line":1690,"column":69}},"591":{"start":{"line":1692,"column":4},"end":{"line":1692,"column":17}},"592":{"start":{"line":1696,"column":4},"end":{"line":1702,"column":18}},"593":{"start":{"line":1702,"column":6},"end":{"line":1702,"column":18}},"594":{"start":{"line":1703,"column":4},"end":{"line":1703,"column":69}},"595":{"start":{"line":1703,"column":57},"end":{"line":1703,"column":69}},"596":{"start":{"line":1704,"column":4},"end":{"line":1704,"column":17}},"597":{"start":{"line":1712,"column":4},"end":{"line":1729,"column":5}},"598":{"start":{"line":1714,"column":8},"end":{"line":1714,"column":72}},"599":{"start":{"line":1716,"column":8},"end":{"line":1716,"column":76}},"600":{"start":{"line":1718,"column":8},"end":{"line":1718,"column":56}},"601":{"start":{"line":1718,"column":44},"end":{"line":1718,"column":56}},"602":{"start":{"line":1719,"column":8},"end":{"line":1719,"column":78}},"603":{"start":{"line":1719,"column":57},"end":{"line":1719,"column":78}},"604":{"start":{"line":1720,"column":8},"end":{"line":1720,"column":21}},"605":{"start":{"line":1722,"column":8},"end":{"line":1724,"column":10}},"606":{"start":{"line":1726,"column":8},"end":{"line":1726,"column":69}},"607":{"start":{"line":1728,"column":8},"end":{"line":1728,"column":33}},"608":{"start":{"line":1730,"column":4},"end":{"line":1730,"column":17}},"609":{"start":{"line":1734,"column":4},"end":{"line":1734,"column":74}},"610":{"start":{"line":1734,"column":35},"end":{"line":1734,"column":74}},"611":{"start":{"line":1735,"column":4},"end":{"line":1735,"column":61}},"612":{"start":{"line":1735,"column":32},"end":{"line":1735,"column":61}},"613":{"start":{"line":1736,"column":4},"end":{"line":1736,"column":17}},"614":{"start":{"line":1742,"column":4},"end":{"line":1742,"column":40}},"615":{"start":{"line":1742,"column":28},"end":{"line":1742,"column":40}},"616":{"start":{"line":1743,"column":4},"end":{"line":1743,"column":45}},"617":{"start":{"line":1743,"column":32},"end":{"line":1743,"column":45}},"618":{"start":{"line":1744,"column":4},"end":{"line":1752,"column":5}},"619":{"start":{"line":1749,"column":8},"end":{"line":1749,"column":20}},"620":{"start":{"line":1751,"column":8},"end":{"line":1751,"column":21}},"621":{"start":{"line":1768,"column":18},"end":{"line":1768,"column":46}},"622":{"start":{"line":1769,"column":4},"end":{"line":1769,"column":23}},"623":{"start":{"line":1770,"column":4},"end":{"line":1770,"column":76}},"624":{"start":{"line":1770,"column":23},"end":{"line":1770,"column":76}},"625":{"start":{"line":1771,"column":4},"end":{"line":1771,"column":55}},"626":{"start":{"line":1771,"column":31},"end":{"line":1771,"column":55}},"627":{"start":{"line":1776,"column":4},"end":{"line":1776,"column":17}},"628":{"start":{"line":1777,"column":4},"end":{"line":1777,"column":77}},"629":{"start":{"line":1777,"column":23},"end":{"line":1777,"column":77}},"630":{"start":{"line":1778,"column":4},"end":{"line":1778,"column":57}},"631":{"start":{"line":1778,"column":32},"end":{"line":1778,"column":57}},"632":{"start":{"line":1783,"column":4},"end":{"line":1783,"column":69}},"633":{"start":{"line":1783,"column":36},"end":{"line":1783,"column":69}},"634":{"start":{"line":1784,"column":4},"end":{"line":1784,"column":57}},"635":{"start":{"line":1784,"column":50},"end":{"line":1784,"column":57}},"636":{"start":{"line":1785,"column":4},"end":{"line":1785,"column":34}},"637":{"start":{"line":1790,"column":4},"end":{"line":1790,"column":76}},"638":{"start":{"line":1790,"column":23},"end":{"line":1790,"column":76}},"639":{"start":{"line":1791,"column":4},"end":{"line":1791,"column":35}},"640":{"start":{"line":1792,"column":4},"end":{"line":1792,"column":28}},"641":{"start":{"line":1798,"column":4},"end":{"line":1799,"column":25}},"642":{"start":{"line":1799,"column":6},"end":{"line":1799,"column":25}},"643":{"start":{"line":1801,"column":4},"end":{"line":1801,"column":27}},"644":{"start":{"line":1806,"column":4},"end":{"line":1806,"column":52}},"645":{"start":{"line":1816,"column":18},"end":{"line":1816,"column":20}},"646":{"start":{"line":1820,"column":4},"end":{"line":1820,"column":29}},"647":{"start":{"line":1824,"column":4},"end":{"line":1835,"column":5}},"648":{"start":{"line":1825,"column":6},"end":{"line":1834,"column":8}},"649":{"start":{"line":1836,"column":4},"end":{"line":1836,"column":57}},"650":{"start":{"line":1836,"column":24},"end":{"line":1836,"column":57}},"651":{"start":{"line":1841,"column":2},"end":{"line":1851,"column":4}},"652":{"start":{"line":1842,"column":4},"end":{"line":1847,"column":5}},"653":{"start":{"line":1843,"column":6},"end":{"line":1843,"column":71}},"654":{"start":{"line":1844,"column":6},"end":{"line":1846,"column":65}},"655":{"start":{"line":1848,"column":4},"end":{"line":1850,"column":5}},"656":{"start":{"line":1849,"column":6},"end":{"line":1849,"column":45}},"657":{"start":{"line":1853,"column":2},"end":{"line":1870,"column":4}},"658":{"start":{"line":1854,"column":4},"end":{"line":1866,"column":5}},"659":{"start":{"line":1855,"column":18},"end":{"line":1855,"column":26}},"660":{"start":{"line":1856,"column":6},"end":{"line":1865,"column":8}},"661":{"start":{"line":1867,"column":4},"end":{"line":1869,"column":5}},"662":{"start":{"line":1868,"column":6},"end":{"line":1868,"column":50}},"663":{"start":{"line":1874,"column":4},"end":{"line":1874,"column":63}},"664":{"start":{"line":1874,"column":24},"end":{"line":1874,"column":63}},"665":{"start":{"line":1879,"column":4},"end":{"line":1879,"column":47}},"666":{"start":{"line":1879,"column":24},"end":{"line":1879,"column":47}},"667":{"start":{"line":1887,"column":4},"end":{"line":1887,"column":21}},"668":{"start":{"line":1888,"column":4},"end":{"line":1888,"column":27}},"669":{"start":{"line":1891,"column":2},"end":{"line":1897,"column":4}},"670":{"start":{"line":1892,"column":12},"end":{"line":1892,"column":30}},"671":{"start":{"line":1893,"column":4},"end":{"line":1895,"column":5}},"672":{"start":{"line":1894,"column":6},"end":{"line":1894,"column":45}},"673":{"start":{"line":1894,"column":33},"end":{"line":1894,"column":45}},"674":{"start":{"line":1896,"column":4},"end":{"line":1896,"column":17}},"675":{"start":{"line":1899,"column":2},"end":{"line":1907,"column":4}},"676":{"start":{"line":1900,"column":12},"end":{"line":1900,"column":30}},"677":{"start":{"line":1901,"column":4},"end":{"line":1905,"column":5}},"678":{"start":{"line":1902,"column":6},"end":{"line":1903,"column":43}},"679":{"start":{"line":1903,"column":8},"end":{"line":1903,"column":43}},"680":{"start":{"line":1904,"column":6},"end":{"line":1904,"column":50}},"681":{"start":{"line":1904,"column":38},"end":{"line":1904,"column":50}},"682":{"start":{"line":1906,"column":4},"end":{"line":1906,"column":16}},"683":{"start":{"line":1909,"column":2},"end":{"line":1917,"column":4}},"684":{"start":{"line":1910,"column":18},"end":{"line":1915,"column":5}},"685":{"start":{"line":1916,"column":4},"end":{"line":1916,"column":28}},"686":{"start":{"line":1919,"column":2},"end":{"line":1928,"column":4}},"687":{"start":{"line":1920,"column":4},"end":{"line":1925,"column":5}},"688":{"start":{"line":1920,"column":17},"end":{"line":1920,"column":18}},"689":{"start":{"line":1921,"column":22},"end":{"line":1921,"column":42}},"690":{"start":{"line":1922,"column":6},"end":{"line":1924,"column":71}},"691":{"start":{"line":1923,"column":8},"end":{"line":1924,"column":71}},"692":{"start":{"line":1924,"column":10},"end":{"line":1924,"column":71}},"693":{"start":{"line":1927,"column":4},"end":{"line":1927,"column":22}},"694":{"start":{"line":1930,"column":2},"end":{"line":1945,"column":4}},"695":{"start":{"line":1931,"column":24},"end":{"line":1931,"column":26}},"696":{"start":{"line":1933,"column":4},"end":{"line":1937,"column":5}},"697":{"start":{"line":1933,"column":17},"end":{"line":1933,"column":18}},"698":{"start":{"line":1934,"column":20},"end":{"line":1934,"column":34}},"699":{"start":{"line":1935,"column":6},"end":{"line":1935,"column":44}},"700":{"start":{"line":1936,"column":6},"end":{"line":1936,"column":77}},"701":{"start":{"line":1936,"column":70},"end":{"line":1936,"column":77}},"702":{"start":{"line":1939,"column":4},"end":{"line":1944,"column":7}},"703":{"start":{"line":1947,"column":2},"end":{"line":1978,"column":4}},"704":{"start":{"line":1948,"column":18},"end":{"line":1948,"column":37}},"705":{"start":{"line":1949,"column":25},"end":{"line":1949,"column":45}},"706":{"start":{"line":1951,"column":4},"end":{"line":1972,"column":5}},"707":{"start":{"line":1952,"column":6},"end":{"line":1952,"column":72}},"708":{"start":{"line":1954,"column":23},"end":{"line":1954,"column":25}},"709":{"start":{"line":1956,"column":6},"end":{"line":1969,"column":7}},"710":{"start":{"line":1956,"column":19},"end":{"line":1956,"column":20}},"711":{"start":{"line":1957,"column":24},"end":{"line":1957,"column":44}},"712":{"start":{"line":1959,"column":8},"end":{"line":1966,"column":9}},"713":{"start":{"line":1960,"column":10},"end":{"line":1964,"column":11}},"714":{"start":{"line":1963,"column":12},"end":{"line":1963,"column":46}},"715":{"start":{"line":1965,"column":10},"end":{"line":1965,"column":19}},"716":{"start":{"line":1968,"column":8},"end":{"line":1968,"column":31}},"717":{"start":{"line":1971,"column":6},"end":{"line":1971,"column":35}},"718":{"start":{"line":1974,"column":4},"end":{"line":1977,"column":6}},"719":{"start":{"line":1980,"column":2},"end":{"line":1985,"column":4}},"720":{"start":{"line":1981,"column":4},"end":{"line":1984,"column":7}},"721":{"start":{"line":1987,"column":2},"end":{"line":1989,"column":4}},"722":{"start":{"line":1988,"column":4},"end":{"line":1988,"column":47}},"723":{"start":{"line":1991,"column":2},"end":{"line":2006,"column":4}},"724":{"start":{"line":1992,"column":18},"end":{"line":1992,"column":37}},"725":{"start":{"line":1993,"column":17},"end":{"line":1993,"column":36}},"726":{"start":{"line":1994,"column":4},"end":{"line":2002,"column":5}},"727":{"start":{"line":1994,"column":17},"end":{"line":1994,"column":18}},"728":{"start":{"line":1995,"column":22},"end":{"line":1995,"column":29}},"729":{"start":{"line":1996,"column":6},"end":{"line":2001,"column":8}},"730":{"start":{"line":2011,"column":4},"end":{"line":2011,"column":19}},"731":{"start":{"line":2012,"column":4},"end":{"line":2012,"column":25}},"732":{"start":{"line":2015,"column":2},"end":{"line":2017,"column":4}},"733":{"start":{"line":2016,"column":4},"end":{"line":2016,"column":36}},"734":{"start":{"line":2019,"column":2},"end":{"line":2022,"column":4}},"735":{"start":{"line":2020,"column":4},"end":{"line":2020,"column":17}},"736":{"start":{"line":2021,"column":4},"end":{"line":2021,"column":49}},"737":{"start":{"line":2021,"column":16},"end":{"line":2021,"column":49}},"738":{"start":{"line":2024,"column":2},"end":{"line":2031,"column":4}},"739":{"start":{"line":2025,"column":19},"end":{"line":2025,"column":34}},"740":{"start":{"line":2026,"column":19},"end":{"line":2026,"column":32}},"741":{"start":{"line":2027,"column":4},"end":{"line":2029,"column":5}},"742":{"start":{"line":2028,"column":6},"end":{"line":2028,"column":58}},"743":{"start":{"line":2028,"column":45},"end":{"line":2028,"column":58}},"744":{"start":{"line":2030,"column":4},"end":{"line":2030,"column":17}},"745":{"start":{"line":2033,"column":2},"end":{"line":2037,"column":6}},"746":{"start":{"line":2039,"column":2},"end":{"line":2040,"column":62}},"747":{"start":{"line":2043,"column":4},"end":{"line":2043,"column":75}},"748":{"start":{"line":2054,"column":4},"end":{"line":2054,"column":11}},"749":{"start":{"line":2055,"column":4},"end":{"line":2055,"column":19}},"750":{"start":{"line":2056,"column":4},"end":{"line":2056,"column":37}},"751":{"start":{"line":2056,"column":23},"end":{"line":2056,"column":37}},"752":{"start":{"line":2057,"column":24},"end":{"line":2057,"column":41}},"753":{"start":{"line":2058,"column":4},"end":{"line":2058,"column":35}},"754":{"start":{"line":2059,"column":4},"end":{"line":2059,"column":28}},"755":{"start":{"line":2060,"column":17},"end":{"line":2060,"column":40}},"756":{"start":{"line":2061,"column":4},"end":{"line":2061,"column":27}},"757":{"start":{"line":2062,"column":4},"end":{"line":2062,"column":38}},"758":{"start":{"line":2062,"column":23},"end":{"line":2062,"column":38}},"759":{"start":{"line":2063,"column":4},"end":{"line":2063,"column":46}},"760":{"start":{"line":2063,"column":28},"end":{"line":2063,"column":46}},"761":{"start":{"line":2065,"column":4},"end":{"line":2065,"column":62}},"762":{"start":{"line":2065,"column":40},"end":{"line":2065,"column":62}},"763":{"start":{"line":2066,"column":4},"end":{"line":2066,"column":39}},"764":{"start":{"line":2075,"column":18},"end":{"line":2075,"column":20}},"765":{"start":{"line":2078,"column":4},"end":{"line":2093,"column":5}},"766":{"start":{"line":2081,"column":6},"end":{"line":2087,"column":7}},"767":{"start":{"line":2085,"column":8},"end":{"line":2085,"column":48}},"768":{"start":{"line":2086,"column":8},"end":{"line":2086,"column":14}},"769":{"start":{"line":2088,"column":6},"end":{"line":2088,"column":46}},"770":{"start":{"line":2089,"column":6},"end":{"line":2089,"column":19}},"771":{"start":{"line":2092,"column":6},"end":{"line":2092,"column":43}},"772":{"start":{"line":2092,"column":21},"end":{"line":2092,"column":43}},"773":{"start":{"line":2096,"column":4},"end":{"line":2096,"column":17}},"774":{"start":{"line":2106,"column":4},"end":{"line":2107,"column":67}},"775":{"start":{"line":2107,"column":6},"end":{"line":2107,"column":67}},"776":{"start":{"line":2108,"column":4},"end":{"line":2108,"column":19}},"777":{"start":{"line":2110,"column":4},"end":{"line":2112,"column":5}},"778":{"start":{"line":2111,"column":6},"end":{"line":2111,"column":65}},"779":{"start":{"line":2111,"column":25},"end":{"line":2111,"column":65}},"780":{"start":{"line":2115,"column":4},"end":{"line":2120,"column":5}},"781":{"start":{"line":2116,"column":6},"end":{"line":2119,"column":7}},"782":{"start":{"line":2117,"column":8},"end":{"line":2117,"column":44}},"783":{"start":{"line":2117,"column":28},"end":{"line":2117,"column":44}},"784":{"start":{"line":2118,"column":8},"end":{"line":2118,"column":15}},"785":{"start":{"line":2122,"column":4},"end":{"line":2122,"column":38}},"786":{"start":{"line":2123,"column":4},"end":{"line":2160,"column":5}},"787":{"start":{"line":2124,"column":6},"end":{"line":2159,"column":7}},"788":{"start":{"line":2126,"column":10},"end":{"line":2126,"column":17}},"789":{"start":{"line":2127,"column":10},"end":{"line":2127,"column":50}},"790":{"start":{"line":2129,"column":10},"end":{"line":2129,"column":17}},"791":{"start":{"line":2130,"column":10},"end":{"line":2130,"column":47}},"792":{"start":{"line":2132,"column":10},"end":{"line":2132,"column":17}},"793":{"start":{"line":2133,"column":10},"end":{"line":2133,"column":51}},"794":{"start":{"line":2135,"column":10},"end":{"line":2135,"column":17}},"795":{"start":{"line":2136,"column":23},"end":{"line":2136,"column":42}},"796":{"start":{"line":2137,"column":10},"end":{"line":2137,"column":48}},"797":{"start":{"line":2140,"column":10},"end":{"line":2140,"column":17}},"798":{"start":{"line":2141,"column":10},"end":{"line":2141,"column":50}},"799":{"start":{"line":2143,"column":10},"end":{"line":2143,"column":17}},"800":{"start":{"line":2144,"column":10},"end":{"line":2144,"column":48}},"801":{"start":{"line":2146,"column":10},"end":{"line":2146,"column":17}},"802":{"start":{"line":2147,"column":10},"end":{"line":2147,"column":51}},"803":{"start":{"line":2149,"column":10},"end":{"line":2149,"column":17}},"804":{"start":{"line":2150,"column":10},"end":{"line":2151,"column":60}},"805":{"start":{"line":2151,"column":12},"end":{"line":2151,"column":60}},"806":{"start":{"line":2152,"column":10},"end":{"line":2152,"column":39}},"807":{"start":{"line":2154,"column":10},"end":{"line":2154,"column":17}},"808":{"start":{"line":2155,"column":10},"end":{"line":2155,"column":47}},"809":{"start":{"line":2157,"column":10},"end":{"line":2157,"column":17}},"810":{"start":{"line":2158,"column":10},"end":{"line":2158,"column":49}},"811":{"start":{"line":2162,"column":4},"end":{"line":2171,"column":5}},"812":{"start":{"line":2169,"column":6},"end":{"line":2169,"column":13}},"813":{"start":{"line":2170,"column":6},"end":{"line":2170,"column":45}},"814":{"start":{"line":2174,"column":4},"end":{"line":2174,"column":40}},"815":{"start":{"line":2174,"column":24},"end":{"line":2174,"column":40}},"816":{"start":{"line":2176,"column":4},"end":{"line":2176,"column":55}},"817":{"start":{"line":2184,"column":22},"end":{"line":2184,"column":27}},"818":{"start":{"line":2185,"column":18},"end":{"line":2185,"column":35}},"819":{"start":{"line":2187,"column":4},"end":{"line":2190,"column":5}},"820":{"start":{"line":2188,"column":6},"end":{"line":2188,"column":52}},"821":{"start":{"line":2189,"column":6},"end":{"line":2189,"column":31}},"822":{"start":{"line":2192,"column":4},"end":{"line":2192,"column":17}},"823":{"start":{"line":2194,"column":4},"end":{"line":2194,"column":53}},"824":{"start":{"line":2195,"column":4},"end":{"line":2195,"column":49}},"825":{"start":{"line":2201,"column":4},"end":{"line":2201,"column":17}},"826":{"start":{"line":2202,"column":4},"end":{"line":2202,"column":44}},"827":{"start":{"line":2208,"column":17},"end":{"line":2208,"column":28}},"828":{"start":{"line":2209,"column":22},"end":{"line":2209,"column":35}},"829":{"start":{"line":2210,"column":18},"end":{"line":2210,"column":35}},"830":{"start":{"line":2212,"column":4},"end":{"line":2212,"column":41}},"831":{"start":{"line":2213,"column":4},"end":{"line":2213,"column":48}},"832":{"start":{"line":2219,"column":4},"end":{"line":2219,"column":37}},"833":{"start":{"line":2219,"column":23},"end":{"line":2219,"column":37}},"834":{"start":{"line":2220,"column":4},"end":{"line":2220,"column":28}},"835":{"start":{"line":2221,"column":17},"end":{"line":2221,"column":40}},"836":{"start":{"line":2222,"column":4},"end":{"line":2222,"column":27}},"837":{"start":{"line":2223,"column":4},"end":{"line":2223,"column":38}},"838":{"start":{"line":2223,"column":23},"end":{"line":2223,"column":38}},"839":{"start":{"line":2224,"column":4},"end":{"line":2224,"column":18}},"840":{"start":{"line":2225,"column":4},"end":{"line":2225,"column":45}},"841":{"start":{"line":2231,"column":22},"end":{"line":2231,"column":58}},"842":{"start":{"line":2232,"column":4},"end":{"line":2232,"column":17}},"843":{"start":{"line":2233,"column":4},"end":{"line":2233,"column":37}},"844":{"start":{"line":2233,"column":23},"end":{"line":2233,"column":37}},"845":{"start":{"line":2234,"column":4},"end":{"line":2234,"column":32}},"846":{"start":{"line":2235,"column":17},"end":{"line":2235,"column":40}},"847":{"start":{"line":2236,"column":4},"end":{"line":2236,"column":27}},"848":{"start":{"line":2237,"column":4},"end":{"line":2237,"column":38}},"849":{"start":{"line":2237,"column":23},"end":{"line":2237,"column":38}},"850":{"start":{"line":2238,"column":4},"end":{"line":2238,"column":18}},"851":{"start":{"line":2239,"column":4},"end":{"line":2239,"column":59}},"852":{"start":{"line":2245,"column":4},"end":{"line":2245,"column":37}},"853":{"start":{"line":2245,"column":23},"end":{"line":2245,"column":37}},"854":{"start":{"line":2246,"column":4},"end":{"line":2246,"column":32}},"855":{"start":{"line":2247,"column":17},"end":{"line":2247,"column":40}},"856":{"start":{"line":2248,"column":4},"end":{"line":2248,"column":20}},"857":{"start":{"line":2249,"column":4},"end":{"line":2249,"column":38}},"858":{"start":{"line":2250,"column":22},"end":{"line":2250,"column":58}},"859":{"start":{"line":2251,"column":4},"end":{"line":2251,"column":27}},"860":{"start":{"line":2252,"column":4},"end":{"line":2252,"column":38}},"861":{"start":{"line":2252,"column":23},"end":{"line":2252,"column":38}},"862":{"start":{"line":2253,"column":4},"end":{"line":2253,"column":60}},"863":{"start":{"line":2259,"column":24},"end":{"line":2259,"column":26}},"864":{"start":{"line":2261,"column":4},"end":{"line":2271,"column":5}},"865":{"start":{"line":2262,"column":23},"end":{"line":2262,"column":51}},"866":{"start":{"line":2263,"column":6},"end":{"line":2269,"column":7}},"867":{"start":{"line":2264,"column":8},"end":{"line":2264,"column":37}},"868":{"start":{"line":2265,"column":8},"end":{"line":2268,"column":9}},"869":{"start":{"line":2266,"column":10},"end":{"line":2266,"column":60}},"870":{"start":{"line":2267,"column":10},"end":{"line":2267,"column":39}},"871":{"start":{"line":2270,"column":6},"end":{"line":2270,"column":19}},"872":{"start":{"line":2272,"column":4},"end":{"line":2272,"column":56}},"873":{"start":{"line":2279,"column":20},"end":{"line":2279,"column":22}},"874":{"start":{"line":2286,"column":4},"end":{"line":2289,"column":5}},"875":{"start":{"line":2287,"column":6},"end":{"line":2287,"column":47}},"876":{"start":{"line":2288,"column":6},"end":{"line":2288,"column":29}},"877":{"start":{"line":2290,"column":4},"end":{"line":2290,"column":53}},"878":{"start":{"line":2291,"column":4},"end":{"line":2291,"column":19}},"879":{"start":{"line":2292,"column":4},"end":{"line":2292,"column":37}},"880":{"start":{"line":2292,"column":23},"end":{"line":2292,"column":37}},"881":{"start":{"line":2293,"column":4},"end":{"line":2293,"column":28}},"882":{"start":{"line":2294,"column":4},"end":{"line":2294,"column":35}},"883":{"start":{"line":2295,"column":4},"end":{"line":2295,"column":27}},"884":{"start":{"line":2296,"column":4},"end":{"line":2296,"column":38}},"885":{"start":{"line":2296,"column":23},"end":{"line":2296,"column":38}},"886":{"start":{"line":2297,"column":4},"end":{"line":2297,"column":60}},"887":{"start":{"line":2299,"column":4},"end":{"line":2299,"column":56}},"888":{"start":{"line":2299,"column":24},"end":{"line":2299,"column":56}},"889":{"start":{"line":2300,"column":4},"end":{"line":2311,"column":5}},"890":{"start":{"line":2301,"column":6},"end":{"line":2301,"column":27}},"891":{"start":{"line":2302,"column":6},"end":{"line":2302,"column":55}},"892":{"start":{"line":2303,"column":6},"end":{"line":2303,"column":21}},"893":{"start":{"line":2304,"column":6},"end":{"line":2304,"column":39}},"894":{"start":{"line":2304,"column":25},"end":{"line":2304,"column":39}},"895":{"start":{"line":2305,"column":6},"end":{"line":2305,"column":30}},"896":{"start":{"line":2306,"column":6},"end":{"line":2306,"column":37}},"897":{"start":{"line":2307,"column":6},"end":{"line":2307,"column":29}},"898":{"start":{"line":2308,"column":6},"end":{"line":2308,"column":40}},"899":{"start":{"line":2308,"column":25},"end":{"line":2308,"column":40}},"900":{"start":{"line":2309,"column":6},"end":{"line":2309,"column":66}},"901":{"start":{"line":2310,"column":6},"end":{"line":2310,"column":58}},"902":{"start":{"line":2310,"column":26},"end":{"line":2310,"column":58}},"903":{"start":{"line":2313,"column":4},"end":{"line":2325,"column":5}},"904":{"start":{"line":2315,"column":6},"end":{"line":2318,"column":7}},"905":{"start":{"line":2316,"column":8},"end":{"line":2316,"column":43}},"906":{"start":{"line":2317,"column":8},"end":{"line":2317,"column":31}},"907":{"start":{"line":2319,"column":6},"end":{"line":2319,"column":39}},"908":{"start":{"line":2319,"column":25},"end":{"line":2319,"column":39}},"909":{"start":{"line":2320,"column":6},"end":{"line":2320,"column":30}},"910":{"start":{"line":2321,"column":6},"end":{"line":2321,"column":37}},"911":{"start":{"line":2322,"column":6},"end":{"line":2322,"column":29}},"912":{"start":{"line":2323,"column":6},"end":{"line":2323,"column":40}},"913":{"start":{"line":2323,"column":25},"end":{"line":2323,"column":40}},"914":{"start":{"line":2324,"column":6},"end":{"line":2324,"column":53}},"915":{"start":{"line":2327,"column":4},"end":{"line":2327,"column":18}},"916":{"start":{"line":2328,"column":4},"end":{"line":2328,"column":48}},"917":{"start":{"line":2339,"column":19},"end":{"line":2339,"column":36}},"918":{"start":{"line":2344,"column":4},"end":{"line":2347,"column":5}},"919":{"start":{"line":2345,"column":6},"end":{"line":2345,"column":20}},"920":{"start":{"line":2346,"column":6},"end":{"line":2346,"column":32}},"921":{"start":{"line":2351,"column":4},"end":{"line":2370,"column":5}},"922":{"start":{"line":2353,"column":20},"end":{"line":2353,"column":56}},"923":{"start":{"line":2354,"column":6},"end":{"line":2354,"column":18}},"924":{"start":{"line":2356,"column":18},"end":{"line":2356,"column":54}},"925":{"start":{"line":2358,"column":19},"end":{"line":2358,"column":77}},"926":{"start":{"line":2360,"column":6},"end":{"line":2360,"column":19}},"927":{"start":{"line":2361,"column":6},"end":{"line":2361,"column":34}},"928":{"start":{"line":2362,"column":6},"end":{"line":2362,"column":37}},"929":{"start":{"line":2363,"column":6},"end":{"line":2363,"column":29}},"930":{"start":{"line":2364,"column":6},"end":{"line":2364,"column":20}},"931":{"start":{"line":2365,"column":6},"end":{"line":2365,"column":40}},"932":{"start":{"line":2365,"column":25},"end":{"line":2365,"column":40}},"933":{"start":{"line":2367,"column":6},"end":{"line":2369,"column":8}},"934":{"start":{"line":2374,"column":22},"end":{"line":2374,"column":32}},"935":{"start":{"line":2375,"column":4},"end":{"line":2380,"column":5}},"936":{"start":{"line":2376,"column":6},"end":{"line":2376,"column":35}},"937":{"start":{"line":2378,"column":6},"end":{"line":2378,"column":51}},"938":{"start":{"line":2378,"column":25},"end":{"line":2378,"column":51}},"939":{"start":{"line":2379,"column":6},"end":{"line":2379,"column":31}},"940":{"start":{"line":2381,"column":4},"end":{"line":2381,"column":17}},"941":{"start":{"line":2382,"column":22},"end":{"line":2382,"column":24}},"942":{"start":{"line":2385,"column":4},"end":{"line":2388,"column":27}},"943":{"start":{"line":2386,"column":25},"end":{"line":2386,"column":61}},"944":{"start":{"line":2387,"column":6},"end":{"line":2387,"column":33}},"945":{"start":{"line":2390,"column":4},"end":{"line":2390,"column":17}},"946":{"start":{"line":2391,"column":4},"end":{"line":2391,"column":32}},"947":{"start":{"line":2392,"column":4},"end":{"line":2392,"column":35}},"948":{"start":{"line":2393,"column":4},"end":{"line":2393,"column":27}},"949":{"start":{"line":2394,"column":4},"end":{"line":2394,"column":18}},"950":{"start":{"line":2395,"column":4},"end":{"line":2395,"column":38}},"951":{"start":{"line":2395,"column":23},"end":{"line":2395,"column":38}},"952":{"start":{"line":2397,"column":4},"end":{"line":2397,"column":75}},"953":{"start":{"line":2414,"column":22},"end":{"line":2414,"column":35}},"954":{"start":{"line":2415,"column":4},"end":{"line":2466,"column":5}},"955":{"start":{"line":2416,"column":24},"end":{"line":2416,"column":26}},"956":{"start":{"line":2417,"column":19},"end":{"line":2417,"column":21}},"957":{"start":{"line":2419,"column":6},"end":{"line":2438,"column":29}},"958":{"start":{"line":2420,"column":8},"end":{"line":2420,"column":60}},"959":{"start":{"line":2420,"column":28},"end":{"line":2420,"column":60}},"960":{"start":{"line":2422,"column":8},"end":{"line":2422,"column":33}},"961":{"start":{"line":2423,"column":8},"end":{"line":2423,"column":25}},"962":{"start":{"line":2424,"column":8},"end":{"line":2426,"column":9}},"963":{"start":{"line":2425,"column":10},"end":{"line":2425,"column":39}},"964":{"start":{"line":2428,"column":8},"end":{"line":2435,"column":9}},"965":{"start":{"line":2429,"column":10},"end":{"line":2429,"column":51}},"966":{"start":{"line":2429,"column":30},"end":{"line":2429,"column":51}},"967":{"start":{"line":2430,"column":10},"end":{"line":2432,"column":12}},"968":{"start":{"line":2434,"column":10},"end":{"line":2434,"column":31}},"969":{"start":{"line":2437,"column":8},"end":{"line":2437,"column":51}},"970":{"start":{"line":2441,"column":31},"end":{"line":2444,"column":7}},"971":{"start":{"line":2447,"column":30},"end":{"line":2447,"column":72}},"972":{"start":{"line":2447,"column":60},"end":{"line":2447,"column":71}},"973":{"start":{"line":2449,"column":6},"end":{"line":2454,"column":7}},"974":{"start":{"line":2450,"column":8},"end":{"line":2453,"column":31}},"975":{"start":{"line":2451,"column":29},"end":{"line":2451,"column":65}},"976":{"start":{"line":2452,"column":10},"end":{"line":2452,"column":32}},"977":{"start":{"line":2459,"column":6},"end":{"line":2463,"column":7}},"978":{"start":{"line":2460,"column":8},"end":{"line":2462,"column":9}},"979":{"start":{"line":2460,"column":21},"end":{"line":2460,"column":22}},"980":{"start":{"line":2460,"column":28},"end":{"line":2460,"column":44}},"981":{"start":{"line":2461,"column":10},"end":{"line":2461,"column":40}},"982":{"start":{"line":2465,"column":6},"end":{"line":2465,"column":144}},"983":{"start":{"line":2467,"column":4},"end":{"line":2478,"column":5}},"984":{"start":{"line":2468,"column":6},"end":{"line":2468,"column":31}},"985":{"start":{"line":2469,"column":6},"end":{"line":2469,"column":49}},"986":{"start":{"line":2471,"column":6},"end":{"line":2474,"column":7}},"987":{"start":{"line":2472,"column":8},"end":{"line":2472,"column":30}},"988":{"start":{"line":2473,"column":8},"end":{"line":2473,"column":22}},"989":{"start":{"line":2477,"column":6},"end":{"line":2477,"column":50}},"990":{"start":{"line":2479,"column":4},"end":{"line":2479,"column":42}},"991":{"start":{"line":2499,"column":20},"end":{"line":2499,"column":22}},"992":{"start":{"line":2501,"column":4},"end":{"line":2501,"column":61}},"993":{"start":{"line":2501,"column":24},"end":{"line":2501,"column":61}},"994":{"start":{"line":2503,"column":4},"end":{"line":2552,"column":19}},"995":{"start":{"line":2504,"column":6},"end":{"line":2504,"column":58}},"996":{"start":{"line":2504,"column":26},"end":{"line":2504,"column":58}},"997":{"start":{"line":2506,"column":6},"end":{"line":2519,"column":7}},"998":{"start":{"line":2507,"column":8},"end":{"line":2507,"column":27}},"999":{"start":{"line":2508,"column":8},"end":{"line":2508,"column":33}},"1000":{"start":{"line":2510,"column":8},"end":{"line":2510,"column":65}},"1001":{"start":{"line":2510,"column":27},"end":{"line":2510,"column":65}},"1002":{"start":{"line":2511,"column":8},"end":{"line":2511,"column":22}},"1003":{"start":{"line":2512,"column":13},"end":{"line":2519,"column":7}},"1004":{"start":{"line":2513,"column":8},"end":{"line":2513,"column":15}},"1005":{"start":{"line":2514,"column":8},"end":{"line":2514,"column":52}},"1006":{"start":{"line":2515,"column":8},"end":{"line":2515,"column":20}},"1007":{"start":{"line":2516,"column":8},"end":{"line":2516,"column":23}},"1008":{"start":{"line":2518,"column":8},"end":{"line":2518,"column":33}},"1009":{"start":{"line":2521,"column":6},"end":{"line":2540,"column":7}},"1010":{"start":{"line":2521,"column":12},"end":{"line":2540,"column":7}},"1011":{"start":{"line":2523,"column":8},"end":{"line":2537,"column":9}},"1012":{"start":{"line":2527,"column":12},"end":{"line":2527,"column":26}},"1013":{"start":{"line":2528,"column":12},"end":{"line":2528,"column":18}},"1014":{"start":{"line":2533,"column":12},"end":{"line":2533,"column":26}},"1015":{"start":{"line":2534,"column":12},"end":{"line":2534,"column":18}},"1016":{"start":{"line":2536,"column":12},"end":{"line":2536,"column":23}},"1017":{"start":{"line":2539,"column":8},"end":{"line":2539,"column":68}},"1018":{"start":{"line":2542,"column":6},"end":{"line":2542,"column":25}},"1019":{"start":{"line":2544,"column":6},"end":{"line":2544,"column":37}},"1020":{"start":{"line":2544,"column":31},"end":{"line":2544,"column":37}},"1021":{"start":{"line":2546,"column":6},"end":{"line":2548,"column":7}},"1022":{"start":{"line":2547,"column":8},"end":{"line":2547,"column":33}},"1023":{"start":{"line":2550,"column":6},"end":{"line":2550,"column":13}},"1024":{"start":{"line":2554,"column":4},"end":{"line":2557,"column":5}},"1025":{"start":{"line":2555,"column":6},"end":{"line":2555,"column":27}},"1026":{"start":{"line":2556,"column":6},"end":{"line":2556,"column":55}},"1027":{"start":{"line":2557,"column":6},"end":{"line":2559,"column":5}},"1028":{"start":{"line":2558,"column":6},"end":{"line":2558,"column":31}},"1029":{"start":{"line":2561,"column":29},"end":{"line":2561,"column":120}},"1030":{"start":{"line":2561,"column":89},"end":{"line":2561,"column":107}},"1031":{"start":{"line":2563,"column":4},"end":{"line":2564,"column":21}},"1032":{"start":{"line":2563,"column":40},"end":{"line":2563,"column":60}},"1033":{"start":{"line":2564,"column":9},"end":{"line":2564,"column":21}},"1034":{"start":{"line":2566,"column":19},"end":{"line":2566,"column":21}},"1035":{"start":{"line":2568,"column":4},"end":{"line":2570,"column":27}},"1036":{"start":{"line":2569,"column":6},"end":{"line":2569,"column":56}},"1037":{"start":{"line":2572,"column":4},"end":{"line":2572,"column":30}},"1038":{"start":{"line":2573,"column":4},"end":{"line":2575,"column":6}},"1039":{"start":{"line":2583,"column":4},"end":{"line":2583,"column":19}},"1040":{"start":{"line":2584,"column":23},"end":{"line":2584,"column":34}},"1041":{"start":{"line":2585,"column":4},"end":{"line":2585,"column":73}},"1042":{"start":{"line":2585,"column":35},"end":{"line":2585,"column":73}},"1043":{"start":{"line":2586,"column":4},"end":{"line":2586,"column":11}},"1044":{"start":{"line":2587,"column":4},"end":{"line":2587,"column":50}},"1045":{"start":{"line":2591,"column":4},"end":{"line":2591,"column":19}},"1046":{"start":{"line":2592,"column":4},"end":{"line":2600,"column":5}},"1047":{"start":{"line":2593,"column":6},"end":{"line":2593,"column":75}},"1048":{"start":{"line":2593,"column":37},"end":{"line":2593,"column":75}},"1049":{"start":{"line":2594,"column":25},"end":{"line":2594,"column":36}},"1050":{"start":{"line":2595,"column":6},"end":{"line":2596,"column":58}},"1051":{"start":{"line":2596,"column":8},"end":{"line":2596,"column":58}},"1052":{"start":{"line":2597,"column":6},"end":{"line":2597,"column":13}},"1053":{"start":{"line":2598,"column":6},"end":{"line":2598,"column":18}},"1054":{"start":{"line":2599,"column":6},"end":{"line":2599,"column":51}},"1055":{"start":{"line":2601,"column":4},"end":{"line":2601,"column":40}},"1056":{"start":{"line":2601,"column":24},"end":{"line":2601,"column":40}},"1057":{"start":{"line":2602,"column":4},"end":{"line":2602,"column":16}},"1058":{"start":{"line":2616,"column":24},"end":{"line":2616,"column":41}},"1059":{"start":{"line":2617,"column":4},"end":{"line":2617,"column":28}},"1060":{"start":{"line":2619,"column":23},"end":{"line":2619,"column":25}},"1061":{"start":{"line":2620,"column":4},"end":{"line":2620,"column":16}},"1062":{"start":{"line":2623,"column":4},"end":{"line":2646,"column":5}},"1063":{"start":{"line":2626,"column":6},"end":{"line":2645,"column":7}},"1064":{"start":{"line":2627,"column":8},"end":{"line":2642,"column":9}},"1065":{"start":{"line":2628,"column":28},"end":{"line":2628,"column":45}},"1066":{"start":{"line":2630,"column":10},"end":{"line":2630,"column":56}},"1067":{"start":{"line":2630,"column":29},"end":{"line":2630,"column":56}},"1068":{"start":{"line":2632,"column":10},"end":{"line":2632,"column":37}},"1069":{"start":{"line":2634,"column":10},"end":{"line":2634,"column":37}},"1070":{"start":{"line":2634,"column":28},"end":{"line":2634,"column":37}},"1071":{"start":{"line":2637,"column":13},"end":{"line":2642,"column":9}},"1072":{"start":{"line":2638,"column":10},"end":{"line":2638,"column":41}},"1073":{"start":{"line":2639,"column":10},"end":{"line":2639,"column":63}},"1074":{"start":{"line":2641,"column":10},"end":{"line":2641,"column":57}},"1075":{"start":{"line":2643,"column":8},"end":{"line":2643,"column":20}},"1076":{"start":{"line":2644,"column":8},"end":{"line":2644,"column":14}},"1077":{"start":{"line":2648,"column":17},"end":{"line":2648,"column":40}},"1078":{"start":{"line":2649,"column":4},"end":{"line":2649,"column":27}},"1079":{"start":{"line":2650,"column":4},"end":{"line":2650,"column":18}},"1080":{"start":{"line":2651,"column":4},"end":{"line":2651,"column":38}},"1081":{"start":{"line":2651,"column":23},"end":{"line":2651,"column":38}},"1082":{"start":{"line":2653,"column":4},"end":{"line":2653,"column":31}},"1083":{"start":{"line":2654,"column":4},"end":{"line":2654,"column":78}},"1084":{"start":{"line":2666,"column":4},"end":{"line":2666,"column":56}},"1085":{"start":{"line":2666,"column":24},"end":{"line":2666,"column":56}},"1086":{"start":{"line":2667,"column":4},"end":{"line":2667,"column":29}},"1087":{"start":{"line":2669,"column":4},"end":{"line":2672,"column":5}},"1088":{"start":{"line":2670,"column":6},"end":{"line":2670,"column":49}},"1089":{"start":{"line":2671,"column":6},"end":{"line":2671,"column":20}},"1090":{"start":{"line":2674,"column":4},"end":{"line":2678,"column":5}},"1091":{"start":{"line":2675,"column":6},"end":{"line":2675,"column":27}},"1092":{"start":{"line":2676,"column":6},"end":{"line":2676,"column":31}},"1093":{"start":{"line":2677,"column":6},"end":{"line":2677,"column":63}},"1094":{"start":{"line":2680,"column":4},"end":{"line":2685,"column":5}},"1095":{"start":{"line":2681,"column":6},"end":{"line":2681,"column":27}},"1096":{"start":{"line":2682,"column":6},"end":{"line":2682,"column":31}},"1097":{"start":{"line":2683,"column":6},"end":{"line":2683,"column":63}},"1098":{"start":{"line":2684,"column":6},"end":{"line":2684,"column":53}},"1099":{"start":{"li
[...]
lumn":73}},"type":"if","locations":[{"start":{"line":3205,"column":4},"end":{"line":3205,"column":73}},{"start":{"line":3205,"column":4},"end":{"line":3205,"column":73}}],"line":3205},"404":{"loc":{"start":{"line":3222,"column":4},"end":{"line":3222,"column":53}},"type":"if","locations":[{"start":{"line":3222,"column":4},"end":{"line":3222,"column":53}},{"start":{"line":3222,"column":4},"end":{"line":3222,"column":53}}],"line":3222},"405":{"loc":{"start":{"line":3225,"column":4},"end":{"line":3226,"column":70}},"type":"if","locations":[{"start":{"line":3225,"column":4},"end":{"line":3226,"column":70}},{"start":{"line":3225,"column":4},"end":{"line":3226,"column":70}}],"line":3225},"406":{"loc":{"start":{"line":3225,"column":8},"end":{"line":3225,"column":44}},"type":"binary-expr","locations":[{"start":{"line":3225,"column":8},"end":{"line":3225,"column":13}},{"start":{"line":3225,"column":17},"end":{"line":3225,"column":44}}],"line":3225},"407":{"loc":{"start":{"line":3229,"column":21},"end":{"line":3229,"column":56}},"type":"binary-expr","locations":[{"start":{"line":3229,"column":21},"end":{"line":3229,"column":38}},{"start":{"line":3229,"column":42},"end":{"line":3229,"column":56}}],"line":3229},"408":{"loc":{"start":{"line":3234,"column":4},"end":{"line":3234,"column":52}},"type":"if","locations":[{"start":{"line":3234,"column":4},"end":{"line":3234,"column":52}},{"start":{"line":3234,"column":4},"end":{"line":3234,"column":52}}],"line":3234},"409":{"loc":{"start":{"line":3235,"column":4},"end":{"line":3235,"column":47}},"type":"if","locations":[{"start":{"line":3235,"column":4},"end":{"line":3235,"column":47}},{"start":{"line":3235,"column":4},"end":{"line":3235,"column":47}}],"line":3235},"410":{"loc":{"start":{"line":3238,"column":4},"end":{"line":3241,"column":8}},"type":"if","locations":[{"start":{"line":3238,"column":4},"end":{"line":3241,"column":8}}],"line":3238}},"s":{"0":1,"1":1,"2":1,"3":1,"4":1,"5":1,"6":1,"7":1,"8":1,"9":1,"10":1,"11":1,"12":0,"13":1,"14":1,"15":1,"16":0,"17":0,"18":0,"19":0,"20":0,"21":0,"22":0,"23":0,"24":0,"25":0,"26":0,"27":0,"28":0,"29":0,"30":0,"31":0,"32":0,"33":0,"34":2,"35":0,"36":0,"37":0,"38":0,"39":803,"40":0,"41":803,"42":803,"43":112,"44":691,"45":1,"46":0,"47":0,"48":0,"49":0,"50":0,"51":0,"52":0,"53":0,"54":0,"55":0,"56":56,"57":22,"58":4,"59":1,"60":1,"61":1,"62":1,"63":1,"64":1,"65":1,"66":1,"67":1,"68":1,"69":1,"70":1,"71":0,"72":0,"73":0,"74":23,"75":0,"76":0,"77":0,"78":0,"79":0,"80":0,"81":0,"82":0,"83":0,"84":30,"85":0,"86":0,"87":0,"88":0,"89":0,"90":53,"91":0,"92":30,"93":0,"94":53,"95":53,"96":0,"97":0,"98":0,"99":0,"100":0,"101":0,"102":0,"103":0,"104":0,"105":0,"106":0,"107":0,"108":0,"109":0,"110":0,"111":189,"112":48,"113":48,"114":48,"115":189,"116":0,"117":189,"118":1,"119":1,"120":1,"121":1,"122":24,"123":24,"124":24,"125":24,"126":0,"127":0,"128":24,"129":6,"130":6,"131":12,"132":6,"133":1,"134":1,"135":1,"136":1,"137":3,"138":3,"139":3,"140":3,"141":3,"142":3,"143":3,"144":3,"145":3,"146":3,"147":3,"148":3,"149":3,"150":0,"151":0,"152":0,"153":0,"154":0,"155":3,"156":0,"157":0,"158":0,"159":0,"160":0,"161":0,"162":0,"163":0,"164":0,"165":0,"166":0,"167":0,"168":0,"169":0,"170":0,"171":0,"172":0,"173":0,"174":0,"175":0,"176":0,"177":0,"178":0,"179":0,"180":1,"181":251,"182":251,"183":251,"184":251,"185":0,"186":0,"187":251,"188":159,"189":0,"190":0,"191":251,"192":106,"193":106,"194":106,"195":145,"196":145,"197":145,"198":145,"199":56,"200":89,"201":50,"202":3,"203":0,"204":0,"205":0,"206":0,"207":0,"208":0,"209":0,"210":0,"211":0,"212":0,"213":33,"214":0,"215":33,"216":0,"217":0,"218":0,"219":0,"220":0,"221":0,"222":0,"223":0,"224":0,"225":0,"226":0,"227":0,"228":0,"229":0,"230":0,"231":0,"232":0,"233":0,"234":0,"235":0,"236":0,"237":0,"238":0,"239":0,"240":0,"241":3,"242":3,"243":0,"244":0,"245":0,"246":0,"247":0,"248":0,"249":0,"250":0,"251":0,"252":0,"253":0,"254":0,"255":0,"256":0,"257":0,"258":151,"259":151,"260":151,"261":6,"262":1,"263":6,"264":1,"265":6,"266":6,"267":6,"268":145,"269":251,"270":234,"271":234,"272":89,"273":145,"274":145,"275":56,"276":56,"277":56,"278":23,"279":33,"280":0,"281":0,"282":33,"283":0,"284":0,"285":33,"286":56,"287":33,"288":33,"289":0,"290":0,"291":50,"292":50,"293":50,"294":50,"295":50,"296":50,"297":304,"298":304,"299":47,"300":257,"301":2,"302":2,"303":255,"304":78,"305":0,"306":0,"307":78,"308":77,"309":0,"310":77,"311":47,"312":0,"313":0,"314":47,"315":3,"316":3,"317":3,"318":3,"319":0,"320":3,"321":3,"322":3,"323":3,"324":3,"325":3,"326":3,"327":0,"328":3,"329":3,"330":3,"331":0,"332":0,"333":0,"334":0,"335":3,"336":3,"337":0,"338":0,"339":0,"340":0,"341":0,"342":0,"343":0,"344":0,"345":0,"346":0,"347":0,"348":0,"349":0,"350":0,"351":0,"352":1,"353":1,"354":1,"355":1,"356":1,"357":0,"358":1,"359":2,"360":1,"361":1,"362":1,"363":0,"364":0,"365":0,"366":0,"367":0,"368":0,"369":1,"370":1,"371":0,"372":0,"373":0,"374":0,"375":0,"376":0,"377":0,"378":0,"379":0,"380":0,"381":0,"382":1,"383":2,"384":5,"385":2,"386":2,"387":0,"388":0,"389":0,"390":0,"391":2,"392":2,"393":0,"394":0,"395":0,"396":0,"397":0,"398":0,"399":0,"400":0,"401":2,"402":4,"403":4,"404":0,"405":4,"406":0,"407":4,"408":6,"409":4,"410":4,"411":14,"412":14,"413":0,"414":4,"415":4,"416":0,"417":0,"418":0,"419":4,"420":4,"421":4,"422":0,"423":4,"424":78,"425":78,"426":5,"427":5,"428":6,"429":6,"430":5,"431":5,"432":5,"433":5,"434":5,"435":5,"436":5,"437":5,"438":5,"439":5,"440":4,"441":4,"442":17,"443":30,"444":17,"445":17,"446":17,"447":0,"448":17,"449":0,"450":0,"451":0,"452":0,"453":0,"454":5,"455":5,"456":5,"457":5,"458":0,"459":0,"460":4,"461":4,"462":0,"463":11,"464":1,"465":1,"466":0,"467":0,"468":0,"469":0,"470":0,"471":0,"472":0,"473":0,"474":0,"475":0,"476":0,"477":0,"478":0,"479":0,"480":0,"481":0,"482":0,"483":0,"484":0,"485":0,"486":0,"487":0,"488":0,"489":0,"490":0,"491":0,"492":0,"493":0,"494":0,"495":0,"496":0,"497":0,"498":0,"499":0,"500":0,"501":0,"502":0,"503":0,"504":0,"505":0,"506":0,"507":0,"508":0,"509":0,"510":0,"511":0,"512":0,"513":0,"514":0,"515":0,"516":0,"517":0,"518":0,"519":0,"520":0,"521":0,"522":0,"523":0,"524":0,"525":0,"526":0,"527":0,"528":0,"529":0,"530":0,"531":0,"532":0,"533":0,"534":0,"535":0,"536":0,"537":0,"538":0,"539":0,"540":0,"541":0,"542":0,"543":3,"544":3,"545":3,"546":3,"547":3,"548":3,"549":2,"550":3,"551":0,"552":3,"553":3,"554":1,"555":3,"556":3,"557":10,"558":1,"559":10,"560":10,"561":3,"562":3,"563":3,"564":2,"565":0,"566":3,"567":0,"568":10,"569":3,"570":3,"571":3,"572":0,"573":195,"574":195,"575":195,"576":162,"577":0,"578":0,"579":162,"580":30,"581":30,"582":0,"583":234,"584":422,"585":54,"586":36,"587":145,"588":56,"589":89,"590":0,"591":89,"592":171,"593":115,"594":56,"595":0,"596":56,"597":56,"598":0,"599":0,"600":0,"601":0,"602":0,"603":0,"604":0,"605":0,"606":23,"607":0,"608":33,"609":53,"610":0,"611":53,"612":0,"613":53,"614":86,"615":30,"616":56,"617":33,"618":23,"619":0,"620":23,"621":27,"622":27,"623":27,"624":27,"625":27,"626":0,"627":24,"628":24,"629":24,"630":24,"631":0,"632":0,"633":0,"634":0,"635":0,"636":0,"637":0,"638":0,"639":0,"640":0,"641":24,"642":24,"643":24,"644":24,"645":1,"646":99,"647":99,"648":57,"649":99,"650":99,"651":1,"652":48,"653":24,"654":24,"655":48,"656":48,"657":1,"658":48,"659":24,"660":24,"661":48,"662":48,"663":145,"664":45,"665":83,"666":24,"667":56,"668":56,"669":1,"670":0,"671":0,"672":0,"673":0,"674":0,"675":1,"676":0,"677":0,"678":0,"679":0,"680":0,"681":0,"682":0,"683":1,"684":56,"685":56,"686":1,"687":53,"688":53,"689":0,"690":0,"691":0,"692":0,"693":53,"694":1,"695":0,"696":0,"697":0,"698":0,"699":0,"700":0,"701":0,"702":0,"703":1,"704":0,"705":0,"706":0,"707":0,"708":0,"709":0,"710":0,"711":0,"712":0,"713":0,"714":0,"715":0,"716":0,"717":0,"718":0,"719":1,"720":0,"721":1,"722":56,"723":1,"724":56,"725":56,"726":56,"727":56,"728":0,"729":0,"730":0,"731":0,"732":1,"733":0,"734":1,"735":0,"736":0,"737":0,"738":1,"739":0,"740":0,"741":0,"742":0,"743":0,"744":0,"745":1,"746":1,"747":56,"748":56,"749":56,"750":56,"751":27,"752":56,"753":56,"754":56,"755":56,"756":53,"757":53,"758":24,"759":53,"760":0,"761":53,"762":0,"763":53,"764":56,"765":56,"766":56,"767":23,"768":23,"769":33,"770":30,"771":30,"772":30,"773":53,"774":56,"775":56,"776":56,"777":56,"778":0,"779":0,"780":56,"781":56,"782":0,"783":0,"784":0,"785":56,"786":56,"787":23,"788":0,"789":0,"790":0,"791":0,"792":23,"793":23,"794":0,"795":0,"796":0,"797":0,"798":0,"799":0,"800":0,"801":0,"802":0,"803":0,"804":0,"805":0,"806":0,"807":0,"808":0,"809":0,"810":0,"811":33,"812":0,"813":0,"814":33,"815":15,"816":33,"817":0,"818":0,"819":0,"820":0,"821":0,"822":0,"823":0,"824":0,"825":0,"826":0,"827":0,"828":0,"829":0,"830":0,"831":0,"832":0,"833":0,"834":0,"835":0,"836":0,"837":0,"838":0,"839":0,"840":0,"841":0,"842":0,"843":0,"844":0,"845":0,"846":0,"847":0,"848":0,"849":0,"850":0,"851":0,"852":0,"853":0,"854":0,"855":0,"856":0,"857":0,"858":0,"859":0,"860":0,"861":0,"862":0,"863":23,"864":23,"865":23,"866":23,"867":23,"868":23,"869":0,"870":0,"871":23,"872":23,"873":0,"874":0,"875":0,"876":0,"877":0,"878":0,"879":0,"880":0,"881":0,"882":0,"883":0,"884":0,"885":0,"886":0,"887":0,"888":0,"889":0,"890":0,"891":0,"892":0,"893":0,"894":0,"895":0,"896":0,"897":0,"898":0,"899":0,"900":0,"901":0,"902":0,"903":0,"904":0,"905":0,"906":0,"907":0,"908":0,"909":0,"910":0,"911":0,"912":0,"913":0,"914":0,"915":0,"916":0,"917":0,"918":0,"919":0,"920":0,"921":0,"922":0,"923":0,"924":0,"925":0,"926":0,"927":0,"928":0,"929":0,"930":0,"931":0,"932":0,"933":0,"934":0,"935":0,"936":0,"937":0,"938":0,"939":0,"940":0,"941":0,"942":0,"943":0,"944":0,"945":0,"946":0,"947":0,"948":0,"949":0,"950":0,"951":0,"952":0,"953":0,"954":0,"955":0,"956":0,"957":0,"958":0,"959":0,"960":0,"961":0,"962":0,"963":0,"964":0,"965":0,"966":0,"967":0,"968":0,"969":0,"970":0,"971":0,"972":0,"973":0,"974":0,"975":0,"976":0,"977":0,"978":0,"979":0,"980":0,"981":0,"982":0,"983":0,"984":0,"985":0,"986":0,"987":0,"988":0,"989":0,"990":0,"991":33,"992":33,"993":15,"994":33,"995":33,"996":15,"997":33,"998":33,"999":33,"1000":30,"1001":24,"1002":30,"1003":0,"1004":0,"1005":0,"1006":0,"1007":0,"1008":0,"1009":30,"1010":30,"1011":30,"1012":0,"1013":0,"1014":0,"1015":0,"1016":30,"1017":0,"1018":30,"1019":30,"1020":30,"1021":0,"1022":0,"1023":0,"1024":30,"1025":0,"1026":0,"1027":30,"1028":0,"1029":30,"1030":270,"1031":30,"1032":0,"1033":30,"1034":30,"1035":30,"1036":30,"1037":30,"1038":30,"1039":33,"1040":33,"1041":33,"1042":0,"1043":33,"1044":30,"1045":0,"1046":0,"1047":0,"1048":0,"1049":0,"1050":0,"1051":0,"1052":0,"1053":0,"1054":0,"1055":0,"1056":0,"1057":0,"1058":0,"1059":0,"1060":0,"1061":0,"1062":0,"1063":0,"1064":0,"1065":0,"1066":0,"1067":0,"1068":0,"1069":0,"1070":0,"1071":0,"1072":0,"1073":0,"1074":0,"1075":0,"1076":0,"1077":0,"1078":0,"1079":0,"1080":0,"1081":0,"1082":0,"1083":0,"1084":0,"1085":0,"1086":0,"1087":0,"1088":0,"1089":0,"1090":0,"1091":0,"1092":0,"1093":0,"1094":0,"1095":0,"1096":0,"1097":0,"1098":0,"1099":0,"1100":0,"1101":0,"1102":0,"1103":0,"1104":0,"1105":0,"1106":0,"1107":0,"1108":0,"1109":0,"1110":0,"1111":0,"1112":0,"1113":0,"1114":0,"1115":0,"1116":0,"1117":0,"1118":0,"1119":0,"1120":0,"1121":0,"1122":0,"1123":0,"1124":0,"1125":0,"1126":0,"1127":0,"1128":0,"1129":0,"1130":0,"1131":53,"1132":53,"1133":53,"1134":53,"1135":53,"1136":53,"1137":0,"1138":53,"1139":30,"1140":30,"1141":0,"1142":30,"1143":0,"1144":0,"1145":0,"1146":0,"1147":0,"1148":0,"1149":0,"1150":0,"1151":0,"1152":0,"1153":0,"1154":0,"1155":0,"1156":0,"1157":0,"1158":0,"1159":0,"1160":0,"1161":0,"1162":0,"1163":0,"1164":0,"1165":0,"1166":0,"1167":53,"1168":53,"1169":12,"1170":53,"1171":0,"1172":0,"1173":0,"1174":0,"1175":0,"1176":0,"1177":53,"1178":53,"1179":53,"1180":0,"1181":53,"1182":0,"1183":53,"1184":53,"1185":53,"1186":53,"1187":53,"1188":0,"1189":0,"1190":0,"1191":0,"1192":0,"1193":0,"1194":0,"1195":0,"1196":0,"1197":53,"1198":0,"1199":0,"1200":0,"1201":0,"1202":0,"1203":0,"1204":0,"1205":0,"1206":0,"1207":0,"1208":0,"1209":0,"1210":0,"1211":0,"1212":0,"1213":0,"1214":0,"1215":0,"1216":0,"1217":0,"1218":0,"1219":0,"1220":0,"1221":0,"1222":0,"1223":0,"1224":0,"1225":0,"1226":0,"1227":0,"1228":0,"1229":0,"1230":0,"1231":0,"1232":0,"1233":0,"1234":0,"1235":0,"1236":0,"1237":0,"1238":0,"1239":0,"1240":0,"1241":0,"1242":0,"1243":0,"1244":0,"1245":0,"1246":0,"1247":0,"1248":0,"1249":0,"1250":0,"1251":0,"1252":0,"1253":0,"1254":0,"1255":0,"1256":0,"1257":0,"1258":0,"1259":0,"1260":0,"1261":0,"1262":0,"1263":0,"1264":53,"1265":53,"1266":53,"1267":53,"1268":12,"1269":53,"1270":0,"1271":53,"1272":53,"1273":53,"1274":53,"1275":53,"1276":0,"1277":0,"1278":0,"1279":0,"1280":0,"1281":0,"1282":0,"1283":0,"1284":0,"1285":1,"1286":1,"1287":56,"1288":0,"1289":0,"1290":56,"1291":0,"1292":56,"1293":56,"1294":56,"1295":56,"1296":56,"1297":56,"1298":56,"1299":56,"1300":56,"1301":56,"1302":56,"1303":56,"1304":56,"1305":56,"1306":56,"1307":0,"1308":56,"1309":56,"1310":0,"1311":56,"1312":0,"1313":56,"1314":56,"1315":44,"1316":56,"1317":56,"1318":56,"1319":56,"1320":0,"1321":0,"1322":0,"1323":1,"1324":0,"1325":0,"1326":0,"1327":1,"1328":56,"1329":0,"1330":56,"1331":0,"1332":0,"1333":56,"1334":56,"1335":56,"1336":56,"1337":53,"1338":41,"1339":53,"1340":24,"1341":53,"1342":53},"f":{"0":1,"1":1,"2":0,"3":0,"4":2,"5":0,"6":803,"7":0,"8":0,"9":0,"10":0,"11":56,"12":22,"13":4,"14":0,"15":0,"16":0,"17":23,"18":0,"19":0,"20":0,"21":0,"22":0,"23":0,"24":0,"25":0,"26":0,"27":30,"28":0,"29":0,"30":0,"31":0,"32":0,"33":53,"34":0,"35":30,"36":0,"37":53,"38":0,"39":0,"40":0,"41":0,"42":0,"43":0,"44":0,"45":0,"46":0,"47":0,"48":0,"49":0,"50":0,"51":0,"52":189,"53":24,"54":24,"55":6,"56":12,"57":3,"58":3,"59":0,"60":0,"61":0,"62":251,"63":151,"64":251,"65":56,"66":33,"67":0,"68":50,"69":3,"70":3,"71":3,"72":3,"73":1,"74":2,"75":4,"76":78,"77":0,"78":0,"79":0,"80":3,"81":195,"82":162,"83":30,"84":234,"85":422,"86":54,"87":36,"88":145,"89":171,"90":56,"91":53,"92":86,"93":27,"94":24,"95":0,"96":0,"97":24,"98":24,"99":99,"100":99,"101":48,"102":48,"103":145,"104":83,"105":56,"106":0,"107":0,"108":56,"109":53,"110":0,"111":0,"112":0,"113":56,"114":56,"115":0,"116":0,"117":0,"118":0,"119":0,"120":56,"121":56,"122":56,"123":56,"124":0,"125":0,"126":0,"127":0,"128":0,"129":0,"130":23,"131":0,"132":0,"133":0,"134":0,"135":33,"136":270,"137":33,"138":0,"139":0,"140":0,"141":0,"142":53,"143":30,"144":0,"145":53,"146":0,"147":0,"148":0,"149":53,"150":56,"151":0,"152":56,"153":0},"b":{"0":[1,1,1,1],"1":[1,1,1,1],"2":[1,1,1,1],"3":[1,1,1],"4":[1],"5":[1,1],"6":[1],"7":[1],"8":[1,0],"9":[1,1],"10":[1],"11":[0,0],"12":[0,0],"13":[0,0],"14":[0,0],"15":[0,0],"16":[0,0],"17":[0,0],"18":[0,0],"19":[0,803],"20":[112,691],"21":[0,0],"22":[0,0],"23":[0,0],"24":[50,3],"25":[3,0],"26":[0,0],"27":[0,0],"28":[0,0],"29":[0,0],"30":[48,141],"31":[0,189],"32":[1],"33":[0,0],"34":[12],"35":[1],"36":[3],"37":[3,0],"38":[3,0],"39":[3,0],"40":[0,0],"41":[0,0],"42":[0,0,0,0,0,0,0,0],"43":[251,0],"44":[251,0],"45":[159,92],"46":[159,0],"47":[106,145],"48":[106,0],"49":[56,89],"50":[12,50,50,2,3,3,3,3,3,3,3,3,3,0,0,33,0,0,0,0,3,0,0,0,0,0,0,0,0,0,0,0,0,0,0,0,0,0,0,0],"51":[39,33],"52":[0,0],"53":[0,0],"54":[0,0],"55":[36,33],"56":[0,0],"57":[0,33],"58":[0,0],"59":[0,0],"60":[0,0],"61":[0,0],"62":[0,0],"63":[0,0],"64":[0,0],"65":[0,0],"66":[0,0],"67":[0,0],"68":[0,0],"69":[0,0],"70":[3,0],"71":[3,1],"72":[0,0],"73":[0,0],"74":[0,0],"75":[0,0],"76":[0,0],"77":[6,145],"78":[1,5],"79":[6,4],"80":[1,5],"81":[6,2],"82":[89,145],"83":[145,0],"84":[23,33],"85":[0,33],"86":[33,33],"87":[0,33],"88":[50,0],"89":[47,257],"90":[2,255],"91":[257,257],"92":[78,177],"93":[0,78],"94":[0,77],"95":[0,47],"96":[0,3],"97":[3,0],"98":[1,2],"99":[3,2],"100":[2,0],"101":[0,3],"102":[3,0,0],"103":[3,0],"104":[0,0],"105":[0,0],"106":[3,0],"107":[0,0],"108":[0,0],"109":[0,0],"110":[0,0],"111":[0,0],"112":[0,0],"113":[0,0],"114":[0,0],"115":[0,0],"116":[0,0],"117":[0,1],"118":[0,1],"119":[0,0],"120":[0,1],"121":[1,1],"122":[0,0],"123":[0,0],"124":[0,0],"125":[0,0],"126":[1,1],"127":[0,2],"128":[0,2],"129":[2,2],"130":[0,0],"131":[0,0],"132":[0,0],"133":[2,2],"134":[0,4],"135":[0,4],"136":[0,14],"137":[0,14],"138":[0,4],"139":[0,0],"140":[0,0],"141":[4,0],"142":[0,4],"143":[0,4],"144":[5,6,5,5,5,5,5,2,4,6,6,6,6,6,6,6,6,16,17,0,5,4,6,6,11],"145":[47,30],"146":[0,17],"147":[0,0],"148":[5,0],"149":[5,0],"150":[5,5],"151":[4,0],"152":[1,0],"153":[0,0],"154":[0,0],"155":[0,0],"156":[0,0],"157":[0,0],"158":[0,0],"159":[0,0],"160":[0,0],"161":[0,0],"162":[0,0],"163":[0,0],"164":[0,0],"165":[0,0],"166":[0,0],"167":[0,0],"168":[0,0],"169":[0,0],"170":[0,0],"171":[0,0],"172":[0,0],"173":[0,0],"174":[0,0],"175":[0,3],"176":[1,2],"177":[3,7],"178":[0,2],"179":[0,3],"180":[3,7],"181":[0,0],"182":[0,162],"183":[30,0],"184":[234,234,145,145],"185":[422,415],"186":[54,50],"187":[36,35,12,11,5,4],"188":[56,89],"189":[145,59,145,56,89],"190":[0,89],"191":[89,0],"192":[115,56],"193":[171,115,171,115,56,56,0],"194":[0,56],"195":[56,0],"196":[0,0,0,0,23,0],"197":[0,0,0,0],"198":[0,0,0,0],"199":[0,0],"200":[0,0],"201":[0,0],"202":[0,0],"203":[0,0,0,0],"204":[23,23,23],"205":[0,53],"206":[0,53],"207":[30,56],"208":[33,23],"209":[0,0,0,0,23],"210":[27,0],"211":[0,27],"212":[24,0],"213":[0,24],"214":[0,0],"215":[0,0],"216":[0,0],"217":[24,0],"218":[24,24],"219":[57,42],"220":[99,0],"221":[24,24],"222":[24,6],"223":[24,24],"224":[48,0],"225":[24,24],"226":[48,0],"227":[45,100],"228":[24,59],"229":[0,0],"230":[0,0],"231":[0,0],"232":[0,0],"233":[0,0],"234":[0,0],"235":[0,0],"236":[0,0],"237":[0,0],"238":[0,0],"239":[0,0],"240":[0,0],"241":[0,0],"242":[56,0],"243":[27,29],"244":[24,29],"245":[0,53],"246":[0,53],"247":[53,12],"248":[23,33],"249":[56,33,0],"250":[30,0],"251":[56,0],"252":[0,56],"253":[0,0],"254":[56,0],"255":[0,56],"256":[0,0],"257":[23,33],"258":[0,0,23,0,0,0,0,0,0,0],"259":[0,0],"260":[0,33],"261":[33,0,0,0,0],"262":[15,18],"263":[0,0],"264":[0,0],"265":[0,0],"266":[0,0],"267":[0,0],"268":[0,0],"269":[0,0],"270":[23,0],"271":[23,0],"272":[0,0],"273":[0,0],"274":[0,0],"275":[0,0],"276":[0,0],"277":[0,0],"278":[0,0],"279":[0,0],"280":[0,0],"281":[0,0],"282":[0,0],"283":[0,0],"284":[0,0],"285":[0,0],"286":[0,0],"287":[0,0],"288":[0,0],"289":[0,0],"290":[0,0],"291":[0,0],"292":[0,0],"293":[0,0],"294":[0,0],"295":[0,0],"296":[0,0],"297":[0,0],"298":[0,0],"299":[0,0],"300":[0,0],"301":[0,0],"302":[15,18],"303":[15,18],"304":[33,0],"305":[24,6],"306":[0,0],"307":[0,0,0,0,0,0,0,30],"308":[0,30],"309":[30,30],"310":[30,0],"311":[0,0],"312":[0,30],"313":[30,30],"314":[0,30],"315":[30,0],"316":[0,30],"317":[0,30],"318":[0,33],"319":[0,0],"320":[0,0],"321":[0,0],"322":[0,0],"323":[0,0],"324":[0,0],"325":[0,0],"326":[0,0],"327":[0,0],"328":[0,0],"329":[0,0],"330":[0,0],"331":[0,0],"332":[0,0],"333":[0,0],"334":[0,0],"335":[0,0],"336":[0,0],"337":[0,0,0],"338":[0,0],"339":[0,0],"340":[0,0],"341":[0,0],"342":[53,0],"343":[53,0],"344":[53,0],"345":[0,30],"346":[0,0],"347":[0,0,0,0,0,0,0,0,0,0,0],"348":[0,0],"349":[0,0,0,0,0,0,0,0],"350":[0,0],"351":[0,0],"352":[0,0],"353":[0,0],"354":[0,0],"355":[12,41],"356":[0,53],"357":[0,0],"358":[53,0],"359":[0,53],"360":[0,53],"361":[0,53],"362":[53,53],"363":[53,0],"364":[53,0],"365":[0,0],"366":[0,0],"367":[0,0],"368":[0,0],"369":[0,0],"370":[0,0,0,0,0,0],"371":[0,0],"372":[0,0],"373":[0,0],"374":[0,0],"375":[0,0],"376":[0,0],"377":[0,0],"378":[0,0],"379":[0,0],"380":[0,0],"381":[0,0],"382":[0,0],"383":[0,0],"384":[12,41],"385":[0,53],"386":[53,0],"387":[53,0],"388":[0,0],"389":[0,0],"390":[0,0],"391":[0,0],"392":[0,56],"393":[56,0],"394":[0,56],"395":[56,0],"396":[56,0],"397":[0,56],"398":[0,56],"399":[0,56],"400":[44,12],"401":[56,0],"402":[56,0],"403":[0,0],"404":[0,56],"405":[0,56],"406":[56,56],"407":[56,47],"408":[41,12],"409":[24,29],"410":[53]},"_coverageSchema":"1a1c01bbd47fc00a2c39e90264f33305004495a9","hash":"6a4613642b1a982483a61f4c7096de15c01c1f99","contentHash":"7c3a711efdf83c5678337e525686abb2fe3c463661093a572aecfbe92b482f57"}}